<?xml version="1.0" encoding="UTF-8"?>
<testsuite xmlns:xsi="http://www.w3.org/2001/XMLSchema-instance" xsi:noNamespaceSchemaLocation="https://maven.apache.org/surefire/maven-surefire-plugin/xsd/surefire-test-report-3.0.xsd" version="3.0" name="com.abdul.postdb.repositories.BookEntityRepositoryIntegrationTest" time="0.804" tests="4" errors="0" skipped="0" failures="0">
  <properties>
[...]
</properties>
  <testcase name="testThatBookCanBeUpdated" classname="com.abdul.postdb.repositories.BookEntityRepositoryIntegrationTest" time="0.01">
    <system-out><![CDATA[2024-07-15T22:48:34.897+03:00  INFO 19604 --- [           main] t.c.s.AnnotationConfigContextLoaderUtils : Could not detect default configuration classes for test class [com.abdul.postdb.repositories.BookEntityRepositoryIntegrationTest]: BookEntityRepositoryIntegrationTest does not declare any static, non-private, non-final, nested classes annotated with @Configuration.
2024-07-15T22:48:34.898+03:00  INFO 19604 --- [           main] .b.t.c.SpringBootTestContextBootstrapper : Found @SpringBootConfiguration com.abdul.postdb.BooksApiApplication for test class com.abdul.postdb.repositories.BookEntityRepositoryIntegrationTest

  .   ____          _            __ _ _
 /\\ / ___'_ __ _ _(_)_ __  __ _ \ \ \ \
( ( )\___ | '_ | '_| | '_ \/ _` | \ \ \ \
 \\/  ___)| |_)| | | | | || (_| |  ) ) ) )
  '  |____| .__|_| |_|_| |_\__, | / / / /
 =========|_|==============|___/=/_/_/_/

 :: Spring Boot ::                (v3.3.1)

2024-07-15T22:48:34.910+03:00  INFO 19604 --- [           main] .p.r.BookEntityRepositoryIntegrationTest : Starting BookEntityRepositoryIntegrationTest using Java 22.0.1 with PID 19604 (started by abdul in C:\Users\abdul\Desktop\Springboot_Course\backup_postdb)
2024-07-15T22:48:34.910+03:00  INFO 19604 --- [           main] .p.r.BookEntityRepositoryIntegrationTest : No active profile set, falling back to 1 default profile: "default"
2024-07-15T22:48:34.975+03:00  INFO 19604 --- [           main] .s.d.r.c.RepositoryConfigurationDelegate : Bootstrapping Spring Data JPA repositories in DEFAULT mode.
2024-07-15T22:48:34.983+03:00  INFO 19604 --- [           main] .s.d.r.c.RepositoryConfigurationDelegate : Finished Spring Data repository scanning in 7 ms. Found 2 JPA repository interfaces.
2024-07-15T22:48:35.006+03:00  INFO 19604 --- [           main] o.hibernate.jpa.internal.util.LogHelper  : HHH000204: Processing PersistenceUnitInfo [name: default]
2024-07-15T22:48:35.008+03:00  INFO 19604 --- [           main] o.h.c.internal.RegionFactoryInitiator    : HHH000026: Second-level cache disabled
2024-07-15T22:48:35.013+03:00  INFO 19604 --- [           main] o.s.o.j.p.SpringPersistenceUnitInfo      : No LoadTimeWeaver setup: ignoring JPA class transformer
2024-07-15T22:48:35.013+03:00  INFO 19604 --- [           main] com.zaxxer.hikari.HikariDataSource       : HikariPool-32 - Starting...
2024-07-15T22:48:35.015+03:00  INFO 19604 --- [           main] com.zaxxer.hikari.pool.HikariPool        : HikariPool-32 - Added connection conn82: url=jdbc:h2:mem:testdb user=SA
2024-07-15T22:48:35.015+03:00  INFO 19604 --- [           main] com.zaxxer.hikari.HikariDataSource       : HikariPool-32 - Start completed.
2024-07-15T22:48:35.035+03:00  INFO 19604 --- [           main] o.h.e.t.j.p.i.JtaPlatformInitiator       : HHH000489: No JTA platform available (set 'hibernate.transaction.jta.platform' to enable JTA platform integration)
2024-07-15T22:48:35.038+03:00  INFO 19604 --- [           main] j.LocalContainerEntityManagerFactoryBean : Initialized JPA EntityManagerFactory for persistence unit 'default'
2024-07-15T22:48:35.057+03:00  WARN 19604 --- [           main] JpaBaseConfiguration$JpaWebConfiguration : spring.jpa.open-in-view is enabled by default. Therefore, database queries may be performed during view rendering. Explicitly configure spring.jpa.open-in-view to disable this warning
2024-07-15T22:48:35.089+03:00  INFO 19604 --- [           main] .p.r.BookEntityRepositoryIntegrationTest : Started BookEntityRepositoryIntegrationTest in 0.19 seconds (process running for 14.564)
2024-07-15T22:48:35.098+03:00  INFO 19604 --- [           main] j.LocalContainerEntityManagerFactoryBean : Closing JPA EntityManagerFactory for persistence unit 'default'
2024-07-15T22:48:35.098+03:00  INFO 19604 --- [           main] com.zaxxer.hikari.HikariDataSource       : HikariPool-32 - Shutdown initiated...
2024-07-15T22:48:35.099+03:00  INFO 19604 --- [           main] com.zaxxer.hikari.HikariDataSource       : HikariPool-32 - Shutdown completed.
]]></system-out>
  </testcase>
  <testcase name="testThatBookCanBeCreatedAndRecalled" classname="com.abdul.postdb.repositories.BookEntityRepositoryIntegrationTest" time="0.007">
    <system-out><![CDATA[
  .   ____          _            __ _ _
 /\\ / ___'_ __ _ _(_)_ __  __ _ \ \ \ \
( ( )\___ | '_ | '_| | '_ \/ _` | \ \ \ \
 \\/  ___)| |_)| | | | | || (_| |  ) ) ) )
  '  |____| .__|_| |_|_| |_\__, | / / / /
 =========|_|==============|___/=/_/_/_/

 :: Spring Boot ::                (v3.3.1)

2024-07-15T22:48:35.111+03:00  INFO 19604 --- [           main] .p.r.BookEntityRepositoryIntegrationTest : Starting BookEntityRepositoryIntegrationTest using Java 22.0.1 with PID 19604 (started by abdul in C:\Users\abdul\Desktop\Springboot_Course\backup_postdb)
2024-07-15T22:48:35.111+03:00  INFO 19604 --- [           main] .p.r.BookEntityRepositoryIntegrationTest : No active profile set, falling back to 1 default profile: "default"
2024-07-15T22:48:35.175+03:00  INFO 19604 --- [           main] .s.d.r.c.RepositoryConfigurationDelegate : Bootstrapping Spring Data JPA repositories in DEFAULT mode.
2024-07-15T22:48:35.182+03:00  INFO 19604 --- [           main] .s.d.r.c.RepositoryConfigurationDelegate : Finished Spring Data repository scanning in 7 ms. Found 2 JPA repository interfaces.
2024-07-15T22:48:35.208+03:00  INFO 19604 --- [           main] o.hibernate.jpa.internal.util.LogHelper  : HHH000204: Processing PersistenceUnitInfo [name: default]
2024-07-15T22:48:35.210+03:00  INFO 19604 --- [           main] o.h.c.internal.RegionFactoryInitiator    : HHH000026: Second-level cache disabled
2024-07-15T22:48:35.215+03:00  INFO 19604 --- [           main] o.s.o.j.p.SpringPersistenceUnitInfo      : No LoadTimeWeaver setup: ignoring JPA class transformer
2024-07-15T22:48:35.216+03:00  INFO 19604 --- [           main] com.zaxxer.hikari.HikariDataSource       : HikariPool-33 - Starting...
2024-07-15T22:48:35.217+03:00  INFO 19604 --- [           main] com.zaxxer.hikari.pool.HikariPool        : HikariPool-33 - Added connection conn83: url=jdbc:h2:mem:testdb user=SA
2024-07-15T22:48:35.217+03:00  INFO 19604 --- [           main] com.zaxxer.hikari.HikariDataSource       : HikariPool-33 - Start completed.
2024-07-15T22:48:35.237+03:00  INFO 19604 --- [           main] o.h.e.t.j.p.i.JtaPlatformInitiator       : HHH000489: No JTA platform available (set 'hibernate.transaction.jta.platform' to enable JTA platform integration)
2024-07-15T22:48:35.239+03:00  INFO 19604 --- [           main] j.LocalContainerEntityManagerFactoryBean : Initialized JPA EntityManagerFactory for persistence unit 'default'
2024-07-15T22:48:35.260+03:00  WARN 19604 --- [           main] JpaBaseConfiguration$JpaWebConfiguration : spring.jpa.open-in-view is enabled by default. Therefore, database queries may be performed during view rendering. Explicitly configure spring.jpa.open-in-view to disable this warning
2024-07-15T22:48:35.293+03:00  INFO 19604 --- [           main] .p.r.BookEntityRepositoryIntegrationTest : Started BookEntityRepositoryIntegrationTest in 0.192 seconds (process running for 14.767)
2024-07-15T22:48:35.299+03:00  INFO 19604 --- [           main] j.LocalContainerEntityManagerFactoryBean : Closing JPA EntityManagerFactory for persistence unit 'default'
2024-07-15T22:48:35.299+03:00  INFO 19604 --- [           main] com.zaxxer.hikari.HikariDataSource       : HikariPool-33 - Shutdown initiated...
2024-07-15T22:48:35.300+03:00  INFO 19604 --- [           main] com.zaxxer.hikari.HikariDataSource       : HikariPool-33 - Shutdown completed.
]]></system-out>
  </testcase>
  <testcase name="testThatBookCanBeDeleted" classname="com.abdul.postdb.repositories.BookEntityRepositoryIntegrationTest" time="0.008">
    <system-out><![CDATA[
  .   ____          _            __ _ _
 /\\ / ___'_ __ _ _(_)_ __  __ _ \ \ \ \
( ( )\___ | '_ | '_| | '_ \/ _` | \ \ \ \
 \\/  ___)| |_)| | | | | || (_| |  ) ) ) )
  '  |____| .__|_| |_|_| |_\__, | / / / /
 =========|_|==============|___/=/_/_/_/

 :: Spring Boot ::                (v3.3.1)

2024-07-15T22:48:35.312+03:00  INFO 19604 --- [           main] .p.r.BookEntityRepositoryIntegrationTest : Starting BookEntityRepositoryIntegrationTest using Java 22.0.1 with PID 19604 (started by abdul in C:\Users\abdul\Desktop\Springboot_Course\backup_postdb)
2024-07-15T22:48:35.312+03:00  INFO 19604 --- [           main] .p.r.BookEntityRepositoryIntegrationTest : No active profile set, falling back to 1 default profile: "default"
2024-07-15T22:48:35.374+03:00  INFO 19604 --- [           main] .s.d.r.c.RepositoryConfigurationDelegate : Bootstrapping Spring Data JPA repositories in DEFAULT mode.
2024-07-15T22:48:35.382+03:00  INFO 19604 --- [           main] .s.d.r.c.RepositoryConfigurationDelegate : Finished Spring Data repository scanning in 7 ms. Found 2 JPA repository interfaces.
2024-07-15T22:48:35.405+03:00  INFO 19604 --- [           main] o.hibernate.jpa.internal.util.LogHelper  : HHH000204: Processing PersistenceUnitInfo [name: default]
2024-07-15T22:48:35.407+03:00  INFO 19604 --- [           main] o.h.c.internal.RegionFactoryInitiator    : HHH000026: Second-level cache disabled
2024-07-15T22:48:35.412+03:00  INFO 19604 --- [           main] o.s.o.j.p.SpringPersistenceUnitInfo      : No LoadTimeWeaver setup: ignoring JPA class transformer
2024-07-15T22:48:35.413+03:00  INFO 19604 --- [           main] com.zaxxer.hikari.HikariDataSource       : HikariPool-34 - Starting...
2024-07-15T22:48:35.414+03:00  INFO 19604 --- [           main] com.zaxxer.hikari.pool.HikariPool        : HikariPool-34 - Added connection conn84: url=jdbc:h2:mem:testdb user=SA
2024-07-15T22:48:35.414+03:00  INFO 19604 --- [           main] com.zaxxer.hikari.HikariDataSource       : HikariPool-34 - Start completed.
2024-07-15T22:48:35.434+03:00  INFO 19604 --- [           main] o.h.e.t.j.p.i.JtaPlatformInitiator       : HHH000489: No JTA platform available (set 'hibernate.transaction.jta.platform' to enable JTA platform integration)
2024-07-15T22:48:35.436+03:00  INFO 19604 --- [           main] j.LocalContainerEntityManagerFactoryBean : Initialized JPA EntityManagerFactory for persistence unit 'default'
2024-07-15T22:48:35.454+03:00  WARN 19604 --- [           main] JpaBaseConfiguration$JpaWebConfiguration : spring.jpa.open-in-view is enabled by default. Therefore, database queries may be performed during view rendering. Explicitly configure spring.jpa.open-in-view to disable this warning
2024-07-15T22:48:35.486+03:00  INFO 19604 --- [           main] .p.r.BookEntityRepositoryIntegrationTest : Started BookEntityRepositoryIntegrationTest in 0.185 seconds (process running for 14.96)
2024-07-15T22:48:35.494+03:00  INFO 19604 --- [           main] j.LocalContainerEntityManagerFactoryBean : Closing JPA EntityManagerFactory for persistence unit 'default'
2024-07-15T22:48:35.494+03:00  INFO 19604 --- [           main] com.zaxxer.hikari.HikariDataSource       : HikariPool-34 - Shutdown initiated...
2024-07-15T22:48:35.495+03:00  INFO 19604 --- [           main] com.zaxxer.hikari.HikariDataSource       : HikariPool-34 - Shutdown completed.
]]></system-out>
  </testcase>
  <testcase name="testThatMultipleBooksCanBeCreatedAndRecalled" classname="com.abdul.postdb.repositories.BookEntityRepositoryIntegrationTest" time="0.01">
    <system-out><![CDATA[
  .   ____          _            __ _ _
 /\\ / ___'_ __ _ _(_)_ __  __ _ \ \ \ \
( ( )\___ | '_ | '_| | '_ \/ _` | \ \ \ \
 \\/  ___)| |_)| | | | | || (_| |  ) ) ) )
  '  |____| .__|_| |_|_| |_\__, | / / / /
 =========|_|==============|___/=/_/_/_/

 :: Spring Boot ::                (v3.3.1)

2024-07-15T22:48:35.508+03:00  INFO 19604 --- [           main] .p.r.BookEntityRepositoryIntegrationTest : Starting BookEntityRepositoryIntegrationTest using Java 22.0.1 with PID 19604 (started by abdul in C:\Users\abdul\Desktop\Springboot_Course\backup_postdb)
2024-07-15T22:48:35.508+03:00  INFO 19604 --- [           main] .p.r.BookEntityRepositoryIntegrationTest : No active profile set, falling back to 1 default profile: "default"
2024-07-15T22:48:35.573+03:00  INFO 19604 --- [           main] .s.d.r.c.RepositoryConfigurationDelegate : Bootstrapping Spring Data JPA repositories in DEFAULT mode.
2024-07-15T22:48:35.580+03:00  INFO 19604 --- [           main] .s.d.r.c.RepositoryConfigurationDelegate : Finished Spring Data repository scanning in 7 ms. Found 2 JPA repository interfaces.
2024-07-15T22:48:35.607+03:00  INFO 19604 --- [           main] o.hibernate.jpa.internal.util.LogHelper  : HHH000204: Processing PersistenceUnitInfo [name: default]
2024-07-15T22:48:35.609+03:00  INFO 19604 --- [           main] o.h.c.internal.RegionFactoryInitiator    : HHH000026: Second-level cache disabled
2024-07-15T22:48:35.614+03:00  INFO 19604 --- [           main] o.s.o.j.p.SpringPersistenceUnitInfo      : No LoadTimeWeaver setup: ignoring JPA class transformer
2024-07-15T22:48:35.614+03:00  INFO 19604 --- [           main] com.zaxxer.hikari.HikariDataSource       : HikariPool-35 - Starting...
2024-07-15T22:48:35.616+03:00  INFO 19604 --- [           main] com.zaxxer.hikari.pool.HikariPool        : HikariPool-35 - Added connection conn85: url=jdbc:h2:mem:testdb user=SA
2024-07-15T22:48:35.616+03:00  INFO 19604 --- [           main] com.zaxxer.hikari.HikariDataSource       : HikariPool-35 - Start completed.
2024-07-15T22:48:35.635+03:00  INFO 19604 --- [           main] o.h.e.t.j.p.i.JtaPlatformInitiator       : HHH000489: No JTA platform available (set 'hibernate.transaction.jta.platform' to enable JTA platform integration)
2024-07-15T22:48:35.638+03:00  INFO 19604 --- [           main] j.LocalContainerEntityManagerFactoryBean : Initialized JPA EntityManagerFactory for persistence unit 'default'
2024-07-15T22:48:35.657+03:00  WARN 19604 --- [           main] JpaBaseConfiguration$JpaWebConfiguration : spring.jpa.open-in-view is enabled by default. Therefore, database queries may be performed during view rendering. Explicitly configure spring.jpa.open-in-view to disable this warning
2024-07-15T22:48:35.688+03:00  INFO 19604 --- [           main] .p.r.BookEntityRepositoryIntegrationTest : Started BookEntityRepositoryIntegrationTest in 0.192 seconds (process running for 15.163)
2024-07-15T22:48:35.699+03:00  INFO 19604 --- [           main] j.LocalContainerEntityManagerFactoryBean : Closing JPA EntityManagerFactory for persistence unit 'default'
2024-07-15T22:48:35.699+03:00  INFO 19604 --- [           main] com.zaxxer.hikari.HikariDataSource       : HikariPool-35 - Shutdown initiated...
2024-07-15T22:48:35.700+03:00  INFO 19604 --- [           main] com.zaxxer.hikari.HikariDataSource       : HikariPool-35 - Shutdown completed.
]]></system-out>
  </testcase>
</testsuite>