<?xml version="1.0" encoding="UTF-8"?>
<testsuite xmlns:xsi="http://www.w3.org/2001/XMLSchema-instance" xsi:noNamespaceSchemaLocation="https://maven.apache.org/surefire/maven-surefire-plugin/xsd/surefire-test-report-3.0.xsd" version="3.0" name="com.abdul.postdb.controllers.AuthorControllerIntegrationTest" time="5.488" tests="14" errors="0" skipped="0" failures="0">
  <properties>
[...]
</properties>
  <testcase name="testThatFullUpdateUpdatesExistingAuthor" classname="com.abdul.postdb.controllers.AuthorControllerIntegrationTest" time="0.545">
    <system-out><![CDATA[2024-07-15T22:48:25.356+03:00  INFO 19604 --- [           main] t.c.s.AnnotationConfigContextLoaderUtils : Could not detect default configuration classes for test class [com.abdul.postdb.controllers.AuthorControllerIntegrationTest]: AuthorControllerIntegrationTest does not declare any static, non-private, non-final, nested classes annotated with @Configuration.
2024-07-15T22:48:25.387+03:00  INFO 19604 --- [           main] .b.t.c.SpringBootTestContextBootstrapper : Found @SpringBootConfiguration com.abdul.postdb.BooksApiApplication for test class com.abdul.postdb.controllers.AuthorControllerIntegrationTest

  .   ____          _            __ _ _
 /\\ / ___'_ __ _ _(_)_ __  __ _ \ \ \ \
( ( )\___ | '_ | '_| | '_ \/ _` | \ \ \ \
 \\/  ___)| |_)| | | | | || (_| |  ) ) ) )
  '  |____| .__|_| |_|_| |_\__, | / / / /
 =========|_|==============|___/=/_/_/_/

 :: Spring Boot ::                (v3.3.1)

2024-07-15T22:48:25.422+03:00  INFO 19604 --- [           main] c.a.p.c.AuthorControllerIntegrationTest  : Starting AuthorControllerIntegrationTest using Java 22.0.1 with PID 19604 (started by abdul in C:\Users\abdul\Desktop\Springboot_Course\backup_postdb)
2024-07-15T22:48:25.422+03:00  INFO 19604 --- [           main] c.a.p.c.AuthorControllerIntegrationTest  : No active profile set, falling back to 1 default profile: "default"
2024-07-15T22:48:25.575+03:00  INFO 19604 --- [           main] .s.d.r.c.RepositoryConfigurationDelegate : Bootstrapping Spring Data JPA repositories in DEFAULT mode.
2024-07-15T22:48:25.589+03:00  INFO 19604 --- [           main] .s.d.r.c.RepositoryConfigurationDelegate : Finished Spring Data repository scanning in 14 ms. Found 2 JPA repository interfaces.
2024-07-15T22:48:25.677+03:00  INFO 19604 --- [           main] o.hibernate.jpa.internal.util.LogHelper  : HHH000204: Processing PersistenceUnitInfo [name: default]
2024-07-15T22:48:25.680+03:00  INFO 19604 --- [           main] o.h.c.internal.RegionFactoryInitiator    : HHH000026: Second-level cache disabled
2024-07-15T22:48:25.689+03:00  INFO 19604 --- [           main] o.s.o.j.p.SpringPersistenceUnitInfo      : No LoadTimeWeaver setup: ignoring JPA class transformer
2024-07-15T22:48:25.690+03:00  INFO 19604 --- [           main] com.zaxxer.hikari.HikariDataSource       : HikariPool-2 - Starting...
2024-07-15T22:48:25.692+03:00  INFO 19604 --- [           main] com.zaxxer.hikari.pool.HikariPool        : HikariPool-2 - Added connection conn10: url=jdbc:h2:mem:testdb user=SA
2024-07-15T22:48:25.692+03:00  INFO 19604 --- [           main] com.zaxxer.hikari.HikariDataSource       : HikariPool-2 - Start completed.
2024-07-15T22:48:25.731+03:00  INFO 19604 --- [           main] o.h.e.t.j.p.i.JtaPlatformInitiator       : HHH000489: No JTA platform available (set 'hibernate.transaction.jta.platform' to enable JTA platform integration)
2024-07-15T22:48:25.737+03:00  INFO 19604 --- [           main] j.LocalContainerEntityManagerFactoryBean : Initialized JPA EntityManagerFactory for persistence unit 'default'
2024-07-15T22:48:25.791+03:00  WARN 19604 --- [           main] JpaBaseConfiguration$JpaWebConfiguration : spring.jpa.open-in-view is enabled by default. Therefore, database queries may be performed during view rendering. Explicitly configure spring.jpa.open-in-view to disable this warning
2024-07-15T22:48:25.888+03:00  INFO 19604 --- [           main] o.s.b.t.m.w.SpringBootMockServletContext : Initializing Spring TestDispatcherServlet ''
2024-07-15T22:48:25.888+03:00  INFO 19604 --- [           main] o.s.t.web.servlet.TestDispatcherServlet  : Initializing Servlet ''
2024-07-15T22:48:25.890+03:00  INFO 19604 --- [           main] o.s.t.web.servlet.TestDispatcherServlet  : Completed initialization in 1 ms
2024-07-15T22:48:25.896+03:00  INFO 19604 --- [           main] c.a.p.c.AuthorControllerIntegrationTest  : Started AuthorControllerIntegrationTest in 0.502 seconds (process running for 5.371)
2024-07-15T22:48:26.441+03:00  INFO 19604 --- [           main] j.LocalContainerEntityManagerFactoryBean : Closing JPA EntityManagerFactory for persistence unit 'default'
2024-07-15T22:48:26.442+03:00  INFO 19604 --- [           main] com.zaxxer.hikari.HikariDataSource       : HikariPool-2 - Shutdown initiated...
2024-07-15T22:48:26.444+03:00  INFO 19604 --- [           main] com.zaxxer.hikari.HikariDataSource       : HikariPool-2 - Shutdown completed.
]]></system-out>
  </testcase>
  <testcase name="testThatCreateAuthorSuccessfullyReturnsHttp201Created" classname="com.abdul.postdb.controllers.AuthorControllerIntegrationTest" time="0.038">
    <system-out><![CDATA[
  .   ____          _            __ _ _
 /\\ / ___'_ __ _ _(_)_ __  __ _ \ \ \ \
( ( )\___ | '_ | '_| | '_ \/ _` | \ \ \ \
 \\/  ___)| |_)| | | | | || (_| |  ) ) ) )
  '  |____| .__|_| |_|_| |_\__, | / / / /
 =========|_|==============|___/=/_/_/_/

 :: Spring Boot ::                (v3.3.1)

2024-07-15T22:48:26.469+03:00  INFO 19604 --- [           main] c.a.p.c.AuthorControllerIntegrationTest  : Starting AuthorControllerIntegrationTest using Java 22.0.1 with PID 19604 (started by abdul in C:\Users\abdul\Desktop\Springboot_Course\backup_postdb)
2024-07-15T22:48:26.469+03:00  INFO 19604 --- [           main] c.a.p.c.AuthorControllerIntegrationTest  : No active profile set, falling back to 1 default profile: "default"
2024-07-15T22:48:26.593+03:00  INFO 19604 --- [           main] .s.d.r.c.RepositoryConfigurationDelegate : Bootstrapping Spring Data JPA repositories in DEFAULT mode.
2024-07-15T22:48:26.604+03:00  INFO 19604 --- [           main] .s.d.r.c.RepositoryConfigurationDelegate : Finished Spring Data repository scanning in 11 ms. Found 2 JPA repository interfaces.
2024-07-15T22:48:26.653+03:00  INFO 19604 --- [           main] o.hibernate.jpa.internal.util.LogHelper  : HHH000204: Processing PersistenceUnitInfo [name: default]
2024-07-15T22:48:26.656+03:00  INFO 19604 --- [           main] o.h.c.internal.RegionFactoryInitiator    : HHH000026: Second-level cache disabled
2024-07-15T22:48:26.665+03:00  INFO 19604 --- [           main] o.s.o.j.p.SpringPersistenceUnitInfo      : No LoadTimeWeaver setup: ignoring JPA class transformer
2024-07-15T22:48:26.666+03:00  INFO 19604 --- [           main] com.zaxxer.hikari.HikariDataSource       : HikariPool-3 - Starting...
2024-07-15T22:48:26.667+03:00  INFO 19604 --- [           main] com.zaxxer.hikari.pool.HikariPool        : HikariPool-3 - Added connection conn20: url=jdbc:h2:mem:testdb user=SA
2024-07-15T22:48:26.667+03:00  INFO 19604 --- [           main] com.zaxxer.hikari.HikariDataSource       : HikariPool-3 - Start completed.
2024-07-15T22:48:26.705+03:00  INFO 19604 --- [           main] o.h.e.t.j.p.i.JtaPlatformInitiator       : HHH000489: No JTA platform available (set 'hibernate.transaction.jta.platform' to enable JTA platform integration)
2024-07-15T22:48:26.709+03:00  INFO 19604 --- [           main] j.LocalContainerEntityManagerFactoryBean : Initialized JPA EntityManagerFactory for persistence unit 'default'
2024-07-15T22:48:26.783+03:00  WARN 19604 --- [           main] JpaBaseConfiguration$JpaWebConfiguration : spring.jpa.open-in-view is enabled by default. Therefore, database queries may be performed during view rendering. Explicitly configure spring.jpa.open-in-view to disable this warning
2024-07-15T22:48:26.850+03:00  INFO 19604 --- [           main] o.s.b.t.m.w.SpringBootMockServletContext : Initializing Spring TestDispatcherServlet ''
2024-07-15T22:48:26.850+03:00  INFO 19604 --- [           main] o.s.t.web.servlet.TestDispatcherServlet  : Initializing Servlet ''
2024-07-15T22:48:26.850+03:00  INFO 19604 --- [           main] o.s.t.web.servlet.TestDispatcherServlet  : Completed initialization in 0 ms
2024-07-15T22:48:26.855+03:00  INFO 19604 --- [           main] c.a.p.c.AuthorControllerIntegrationTest  : Started AuthorControllerIntegrationTest in 0.408 seconds (process running for 6.329)
2024-07-15T22:48:26.872+03:00  INFO 19604 --- [           main] j.LocalContainerEntityManagerFactoryBean : Closing JPA EntityManagerFactory for persistence unit 'default'
2024-07-15T22:48:26.873+03:00  INFO 19604 --- [           main] com.zaxxer.hikari.HikariDataSource       : HikariPool-3 - Shutdown initiated...
2024-07-15T22:48:26.894+03:00  INFO 19604 --- [           main] com.zaxxer.hikari.HikariDataSource       : HikariPool-3 - Shutdown completed.
]]></system-out>
  </testcase>
  <testcase name="testThatGetAuthorReturnsTheAuthorWhenAuthorExists" classname="com.abdul.postdb.controllers.AuthorControllerIntegrationTest" time="0.03">
    <system-out><![CDATA[
  .   ____          _            __ _ _
 /\\ / ___'_ __ _ _(_)_ __  __ _ \ \ \ \
( ( )\___ | '_ | '_| | '_ \/ _` | \ \ \ \
 \\/  ___)| |_)| | | | | || (_| |  ) ) ) )
  '  |____| .__|_| |_|_| |_\__, | / / / /
 =========|_|==============|___/=/_/_/_/

 :: Spring Boot ::                (v3.3.1)

2024-07-15T22:48:26.915+03:00  INFO 19604 --- [           main] c.a.p.c.AuthorControllerIntegrationTest  : Starting AuthorControllerIntegrationTest using Java 22.0.1 with PID 19604 (started by abdul in C:\Users\abdul\Desktop\Springboot_Course\backup_postdb)
2024-07-15T22:48:26.915+03:00  INFO 19604 --- [           main] c.a.p.c.AuthorControllerIntegrationTest  : No active profile set, falling back to 1 default profile: "default"
2024-07-15T22:48:27.033+03:00  INFO 19604 --- [           main] .s.d.r.c.RepositoryConfigurationDelegate : Bootstrapping Spring Data JPA repositories in DEFAULT mode.
2024-07-15T22:48:27.047+03:00  INFO 19604 --- [           main] .s.d.r.c.RepositoryConfigurationDelegate : Finished Spring Data repository scanning in 13 ms. Found 2 JPA repository interfaces.
2024-07-15T22:48:27.092+03:00  INFO 19604 --- [           main] o.hibernate.jpa.internal.util.LogHelper  : HHH000204: Processing PersistenceUnitInfo [name: default]
2024-07-15T22:48:27.095+03:00  INFO 19604 --- [           main] o.h.c.internal.RegionFactoryInitiator    : HHH000026: Second-level cache disabled
2024-07-15T22:48:27.102+03:00  INFO 19604 --- [           main] o.s.o.j.p.SpringPersistenceUnitInfo      : No LoadTimeWeaver setup: ignoring JPA class transformer
2024-07-15T22:48:27.103+03:00  INFO 19604 --- [           main] com.zaxxer.hikari.HikariDataSource       : HikariPool-4 - Starting...
2024-07-15T22:48:27.104+03:00  INFO 19604 --- [           main] com.zaxxer.hikari.pool.HikariPool        : HikariPool-4 - Added connection conn25: url=jdbc:h2:mem:testdb user=SA
2024-07-15T22:48:27.104+03:00  INFO 19604 --- [           main] com.zaxxer.hikari.HikariDataSource       : HikariPool-4 - Start completed.
2024-07-15T22:48:27.139+03:00  INFO 19604 --- [           main] o.h.e.t.j.p.i.JtaPlatformInitiator       : HHH000489: No JTA platform available (set 'hibernate.transaction.jta.platform' to enable JTA platform integration)
2024-07-15T22:48:27.143+03:00  INFO 19604 --- [           main] j.LocalContainerEntityManagerFactoryBean : Initialized JPA EntityManagerFactory for persistence unit 'default'
2024-07-15T22:48:27.186+03:00  WARN 19604 --- [           main] JpaBaseConfiguration$JpaWebConfiguration : spring.jpa.open-in-view is enabled by default. Therefore, database queries may be performed during view rendering. Explicitly configure spring.jpa.open-in-view to disable this warning
2024-07-15T22:48:27.235+03:00  INFO 19604 --- [           main] o.s.b.t.m.w.SpringBootMockServletContext : Initializing Spring TestDispatcherServlet ''
2024-07-15T22:48:27.235+03:00  INFO 19604 --- [           main] o.s.t.web.servlet.TestDispatcherServlet  : Initializing Servlet ''
2024-07-15T22:48:27.235+03:00  INFO 19604 --- [           main] o.s.t.web.servlet.TestDispatcherServlet  : Completed initialization in 0 ms
2024-07-15T22:48:27.239+03:00  INFO 19604 --- [           main] c.a.p.c.AuthorControllerIntegrationTest  : Started AuthorControllerIntegrationTest in 0.342 seconds (process running for 6.714)
2024-07-15T22:48:27.257+03:00  INFO 19604 --- [           main] j.LocalContainerEntityManagerFactoryBean : Closing JPA EntityManagerFactory for persistence unit 'default'
2024-07-15T22:48:27.257+03:00  INFO 19604 --- [           main] com.zaxxer.hikari.HikariDataSource       : HikariPool-4 - Shutdown initiated...
2024-07-15T22:48:27.270+03:00  INFO 19604 --- [           main] com.zaxxer.hikari.HikariDataSource       : HikariPool-4 - Shutdown completed.
]]></system-out>
  </testcase>
  <testcase name="testThatFullUpdateAuthorReturnsHttpStatus200WhenAuthorExists" classname="com.abdul.postdb.controllers.AuthorControllerIntegrationTest" time="0.033">
    <system-out><![CDATA[
  .   ____          _            __ _ _
 /\\ / ___'_ __ _ _(_)_ __  __ _ \ \ \ \
( ( )\___ | '_ | '_| | '_ \/ _` | \ \ \ \
 \\/  ___)| |_)| | | | | || (_| |  ) ) ) )
  '  |____| .__|_| |_|_| |_\__, | / / / /
 =========|_|==============|___/=/_/_/_/

 :: Spring Boot ::                (v3.3.1)

2024-07-15T22:48:27.290+03:00  INFO 19604 --- [           main] c.a.p.c.AuthorControllerIntegrationTest  : Starting AuthorControllerIntegrationTest using Java 22.0.1 with PID 19604 (started by abdul in C:\Users\abdul\Desktop\Springboot_Course\backup_postdb)
2024-07-15T22:48:27.291+03:00  INFO 19604 --- [           main] c.a.p.c.AuthorControllerIntegrationTest  : No active profile set, falling back to 1 default profile: "default"
2024-07-15T22:48:27.404+03:00  INFO 19604 --- [           main] .s.d.r.c.RepositoryConfigurationDelegate : Bootstrapping Spring Data JPA repositories in DEFAULT mode.
2024-07-15T22:48:27.415+03:00  INFO 19604 --- [           main] .s.d.r.c.RepositoryConfigurationDelegate : Finished Spring Data repository scanning in 11 ms. Found 2 JPA repository interfaces.
2024-07-15T22:48:27.453+03:00  INFO 19604 --- [           main] o.hibernate.jpa.internal.util.LogHelper  : HHH000204: Processing PersistenceUnitInfo [name: default]
2024-07-15T22:48:27.456+03:00  INFO 19604 --- [           main] o.h.c.internal.RegionFactoryInitiator    : HHH000026: Second-level cache disabled
2024-07-15T22:48:27.463+03:00  INFO 19604 --- [           main] o.s.o.j.p.SpringPersistenceUnitInfo      : No LoadTimeWeaver setup: ignoring JPA class transformer
2024-07-15T22:48:27.464+03:00  INFO 19604 --- [           main] com.zaxxer.hikari.HikariDataSource       : HikariPool-5 - Starting...
2024-07-15T22:48:27.465+03:00  INFO 19604 --- [           main] com.zaxxer.hikari.pool.HikariPool        : HikariPool-5 - Added connection conn28: url=jdbc:h2:mem:testdb user=SA
2024-07-15T22:48:27.465+03:00  INFO 19604 --- [           main] com.zaxxer.hikari.HikariDataSource       : HikariPool-5 - Start completed.
2024-07-15T22:48:27.509+03:00  INFO 19604 --- [           main] o.h.e.t.j.p.i.JtaPlatformInitiator       : HHH000489: No JTA platform available (set 'hibernate.transaction.jta.platform' to enable JTA platform integration)
2024-07-15T22:48:27.513+03:00  INFO 19604 --- [           main] j.LocalContainerEntityManagerFactoryBean : Initialized JPA EntityManagerFactory for persistence unit 'default'
2024-07-15T22:48:27.543+03:00  WARN 19604 --- [           main] JpaBaseConfiguration$JpaWebConfiguration : spring.jpa.open-in-view is enabled by default. Therefore, database queries may be performed during view rendering. Explicitly configure spring.jpa.open-in-view to disable this warning
2024-07-15T22:48:27.591+03:00  INFO 19604 --- [           main] o.s.b.t.m.w.SpringBootMockServletContext : Initializing Spring TestDispatcherServlet ''
2024-07-15T22:48:27.591+03:00  INFO 19604 --- [           main] o.s.t.web.servlet.TestDispatcherServlet  : Initializing Servlet ''
2024-07-15T22:48:27.591+03:00  INFO 19604 --- [           main] o.s.t.web.servlet.TestDispatcherServlet  : Completed initialization in 0 ms
2024-07-15T22:48:27.595+03:00  INFO 19604 --- [           main] c.a.p.c.AuthorControllerIntegrationTest  : Started AuthorControllerIntegrationTest in 0.323 seconds (process running for 7.069)
2024-07-15T22:48:27.611+03:00  INFO 19604 --- [           main] j.LocalContainerEntityManagerFactoryBean : Closing JPA EntityManagerFactory for persistence unit 'default'
2024-07-15T22:48:27.612+03:00  INFO 19604 --- [           main] com.zaxxer.hikari.HikariDataSource       : HikariPool-5 - Shutdown initiated...
2024-07-15T22:48:27.630+03:00  INFO 19604 --- [           main] com.zaxxer.hikari.HikariDataSource       : HikariPool-5 - Shutdown completed.
]]></system-out>
  </testcase>
  <testcase name="testThatGetAuthorReturnsHttpStatus200WhenAuthorExists" classname="com.abdul.postdb.controllers.AuthorControllerIntegrationTest" time="0.042">
    <system-out><![CDATA[
  .   ____          _            __ _ _
 /\\ / ___'_ __ _ _(_)_ __  __ _ \ \ \ \
( ( )\___ | '_ | '_| | '_ \/ _` | \ \ \ \
 \\/  ___)| |_)| | | | | || (_| |  ) ) ) )
  '  |____| .__|_| |_|_| |_\__, | / / / /
 =========|_|==============|___/=/_/_/_/

 :: Spring Boot ::                (v3.3.1)

2024-07-15T22:48:27.650+03:00  INFO 19604 --- [           main] c.a.p.c.AuthorControllerIntegrationTest  : Starting AuthorControllerIntegrationTest using Java 22.0.1 with PID 19604 (started by abdul in C:\Users\abdul\Desktop\Springboot_Course\backup_postdb)
2024-07-15T22:48:27.650+03:00  INFO 19604 --- [           main] c.a.p.c.AuthorControllerIntegrationTest  : No active profile set, falling back to 1 default profile: "default"
2024-07-15T22:48:27.754+03:00  INFO 19604 --- [           main] .s.d.r.c.RepositoryConfigurationDelegate : Bootstrapping Spring Data JPA repositories in DEFAULT mode.
2024-07-15T22:48:27.766+03:00  INFO 19604 --- [           main] .s.d.r.c.RepositoryConfigurationDelegate : Finished Spring Data repository scanning in 11 ms. Found 2 JPA repository interfaces.
2024-07-15T22:48:27.804+03:00  INFO 19604 --- [           main] o.hibernate.jpa.internal.util.LogHelper  : HHH000204: Processing PersistenceUnitInfo [name: default]
2024-07-15T22:48:27.807+03:00  INFO 19604 --- [           main] o.h.c.internal.RegionFactoryInitiator    : HHH000026: Second-level cache disabled
2024-07-15T22:48:27.814+03:00  INFO 19604 --- [           main] o.s.o.j.p.SpringPersistenceUnitInfo      : No LoadTimeWeaver setup: ignoring JPA class transformer
2024-07-15T22:48:27.815+03:00  INFO 19604 --- [           main] com.zaxxer.hikari.HikariDataSource       : HikariPool-6 - Starting...
2024-07-15T22:48:27.816+03:00  INFO 19604 --- [           main] com.zaxxer.hikari.pool.HikariPool        : HikariPool-6 - Added connection conn31: url=jdbc:h2:mem:testdb user=SA
2024-07-15T22:48:27.816+03:00  INFO 19604 --- [           main] com.zaxxer.hikari.HikariDataSource       : HikariPool-6 - Start completed.
2024-07-15T22:48:27.879+03:00  INFO 19604 --- [           main] o.h.e.t.j.p.i.JtaPlatformInitiator       : HHH000489: No JTA platform available (set 'hibernate.transaction.jta.platform' to enable JTA platform integration)
2024-07-15T22:48:27.883+03:00  INFO 19604 --- [           main] j.LocalContainerEntityManagerFactoryBean : Initialized JPA EntityManagerFactory for persistence unit 'default'
2024-07-15T22:48:27.915+03:00  WARN 19604 --- [           main] JpaBaseConfiguration$JpaWebConfiguration : spring.jpa.open-in-view is enabled by default. Therefore, database queries may be performed during view rendering. Explicitly configure spring.jpa.open-in-view to disable this warning
2024-07-15T22:48:27.961+03:00  INFO 19604 --- [           main] o.s.b.t.m.w.SpringBootMockServletContext : Initializing Spring TestDispatcherServlet ''
2024-07-15T22:48:27.962+03:00  INFO 19604 --- [           main] o.s.t.web.servlet.TestDispatcherServlet  : Initializing Servlet ''
2024-07-15T22:48:27.962+03:00  INFO 19604 --- [           main] o.s.t.web.servlet.TestDispatcherServlet  : Completed initialization in 0 ms
2024-07-15T22:48:27.968+03:00  INFO 19604 --- [           main] c.a.p.c.AuthorControllerIntegrationTest  : Started AuthorControllerIntegrationTest in 0.336 seconds (process running for 7.443)
2024-07-15T22:48:27.981+03:00  INFO 19604 --- [           main] j.LocalContainerEntityManagerFactoryBean : Closing JPA EntityManagerFactory for persistence unit 'default'
2024-07-15T22:48:27.981+03:00  INFO 19604 --- [           main] com.zaxxer.hikari.HikariDataSource       : HikariPool-6 - Shutdown initiated...
2024-07-15T22:48:28.012+03:00  INFO 19604 --- [           main] com.zaxxer.hikari.HikariDataSource       : HikariPool-6 - Shutdown completed.
]]></system-out>
  </testcase>
  <testcase name="testThatGetAuthorReturnsHttpStatus404WhenAuthorDoesNotExists" classname="com.abdul.postdb.controllers.AuthorControllerIntegrationTest" time="0.032">
    <system-out><![CDATA[
  .   ____          _            __ _ _
 /\\ / ___'_ __ _ _(_)_ __  __ _ \ \ \ \
( ( )\___ | '_ | '_| | '_ \/ _` | \ \ \ \
 \\/  ___)| |_)| | | | | || (_| |  ) ) ) )
  '  |____| .__|_| |_|_| |_\__, | / / / /
 =========|_|==============|___/=/_/_/_/

 :: Spring Boot ::                (v3.3.1)

2024-07-15T22:48:28.030+03:00  INFO 19604 --- [           main] c.a.p.c.AuthorControllerIntegrationTest  : Starting AuthorControllerIntegrationTest using Java 22.0.1 with PID 19604 (started by abdul in C:\Users\abdul\Desktop\Springboot_Course\backup_postdb)
2024-07-15T22:48:28.030+03:00  INFO 19604 --- [           main] c.a.p.c.AuthorControllerIntegrationTest  : No active profile set, falling back to 1 default profile: "default"
2024-07-15T22:48:28.132+03:00  INFO 19604 --- [           main] .s.d.r.c.RepositoryConfigurationDelegate : Bootstrapping Spring Data JPA repositories in DEFAULT mode.
2024-07-15T22:48:28.142+03:00  INFO 19604 --- [           main] .s.d.r.c.RepositoryConfigurationDelegate : Finished Spring Data repository scanning in 10 ms. Found 2 JPA repository interfaces.
2024-07-15T22:48:28.176+03:00  INFO 19604 --- [           main] o.hibernate.jpa.internal.util.LogHelper  : HHH000204: Processing PersistenceUnitInfo [name: default]
2024-07-15T22:48:28.179+03:00  INFO 19604 --- [           main] o.h.c.internal.RegionFactoryInitiator    : HHH000026: Second-level cache disabled
2024-07-15T22:48:28.186+03:00  INFO 19604 --- [           main] o.s.o.j.p.SpringPersistenceUnitInfo      : No LoadTimeWeaver setup: ignoring JPA class transformer
2024-07-15T22:48:28.187+03:00  INFO 19604 --- [           main] com.zaxxer.hikari.HikariDataSource       : HikariPool-7 - Starting...
2024-07-15T22:48:28.188+03:00  INFO 19604 --- [           main] com.zaxxer.hikari.pool.HikariPool        : HikariPool-7 - Added connection conn35: url=jdbc:h2:mem:testdb user=SA
2024-07-15T22:48:28.188+03:00  INFO 19604 --- [           main] com.zaxxer.hikari.HikariDataSource       : HikariPool-7 - Start completed.
2024-07-15T22:48:28.227+03:00  INFO 19604 --- [           main] o.h.e.t.j.p.i.JtaPlatformInitiator       : HHH000489: No JTA platform available (set 'hibernate.transaction.jta.platform' to enable JTA platform integration)
2024-07-15T22:48:28.231+03:00  INFO 19604 --- [           main] j.LocalContainerEntityManagerFactoryBean : Initialized JPA EntityManagerFactory for persistence unit 'default'
2024-07-15T22:48:28.261+03:00  WARN 19604 --- [           main] JpaBaseConfiguration$JpaWebConfiguration : spring.jpa.open-in-view is enabled by default. Therefore, database queries may be performed during view rendering. Explicitly configure spring.jpa.open-in-view to disable this warning
2024-07-15T22:48:28.314+03:00  INFO 19604 --- [           main] o.s.b.t.m.w.SpringBootMockServletContext : Initializing Spring TestDispatcherServlet ''
2024-07-15T22:48:28.315+03:00  INFO 19604 --- [           main] o.s.t.web.servlet.TestDispatcherServlet  : Initializing Servlet ''
2024-07-15T22:48:28.315+03:00  INFO 19604 --- [           main] o.s.t.web.servlet.TestDispatcherServlet  : Completed initialization in 0 ms
2024-07-15T22:48:28.318+03:00  INFO 19604 --- [           main] c.a.p.c.AuthorControllerIntegrationTest  : Started AuthorControllerIntegrationTest in 0.304 seconds (process running for 7.794)
2024-07-15T22:48:28.327+03:00  INFO 19604 --- [           main] j.LocalContainerEntityManagerFactoryBean : Closing JPA EntityManagerFactory for persistence unit 'default'
2024-07-15T22:48:28.327+03:00  INFO 19604 --- [           main] com.zaxxer.hikari.HikariDataSource       : HikariPool-7 - Shutdown initiated...
2024-07-15T22:48:28.352+03:00  INFO 19604 --- [           main] com.zaxxer.hikari.HikariDataSource       : HikariPool-7 - Shutdown completed.
]]></system-out>
  </testcase>
  <testcase name="testThatPartialUpdateUpdatesFields" classname="com.abdul.postdb.controllers.AuthorControllerIntegrationTest" time="0.043">
    <system-out><![CDATA[
  .   ____          _            __ _ _
 /\\ / ___'_ __ _ _(_)_ __  __ _ \ \ \ \
( ( )\___ | '_ | '_| | '_ \/ _` | \ \ \ \
 \\/  ___)| |_)| | | | | || (_| |  ) ) ) )
  '  |____| .__|_| |_|_| |_\__, | / / / /
 =========|_|==============|___/=/_/_/_/

 :: Spring Boot ::                (v3.3.1)

2024-07-15T22:48:28.368+03:00  INFO 19604 --- [           main] c.a.p.c.AuthorControllerIntegrationTest  : Starting AuthorControllerIntegrationTest using Java 22.0.1 with PID 19604 (started by abdul in C:\Users\abdul\Desktop\Springboot_Course\backup_postdb)
2024-07-15T22:48:28.368+03:00  INFO 19604 --- [           main] c.a.p.c.AuthorControllerIntegrationTest  : No active profile set, falling back to 1 default profile: "default"
2024-07-15T22:48:28.474+03:00  INFO 19604 --- [           main] .s.d.r.c.RepositoryConfigurationDelegate : Bootstrapping Spring Data JPA repositories in DEFAULT mode.
2024-07-15T22:48:28.485+03:00  INFO 19604 --- [           main] .s.d.r.c.RepositoryConfigurationDelegate : Finished Spring Data repository scanning in 10 ms. Found 2 JPA repository interfaces.
2024-07-15T22:48:28.523+03:00  INFO 19604 --- [           main] o.hibernate.jpa.internal.util.LogHelper  : HHH000204: Processing PersistenceUnitInfo [name: default]
2024-07-15T22:48:28.526+03:00  INFO 19604 --- [           main] o.h.c.internal.RegionFactoryInitiator    : HHH000026: Second-level cache disabled
2024-07-15T22:48:28.532+03:00  INFO 19604 --- [           main] o.s.o.j.p.SpringPersistenceUnitInfo      : No LoadTimeWeaver setup: ignoring JPA class transformer
2024-07-15T22:48:28.533+03:00  INFO 19604 --- [           main] com.zaxxer.hikari.HikariDataSource       : HikariPool-8 - Starting...
2024-07-15T22:48:28.533+03:00  INFO 19604 --- [           main] com.zaxxer.hikari.pool.HikariPool        : HikariPool-8 - Added connection conn38: url=jdbc:h2:mem:testdb user=SA
2024-07-15T22:48:28.534+03:00  INFO 19604 --- [           main] com.zaxxer.hikari.HikariDataSource       : HikariPool-8 - Start completed.
2024-07-15T22:48:28.565+03:00  INFO 19604 --- [           main] o.h.e.t.j.p.i.JtaPlatformInitiator       : HHH000489: No JTA platform available (set 'hibernate.transaction.jta.platform' to enable JTA platform integration)
2024-07-15T22:48:28.568+03:00  INFO 19604 --- [           main] j.LocalContainerEntityManagerFactoryBean : Initialized JPA EntityManagerFactory for persistence unit 'default'
2024-07-15T22:48:28.598+03:00  WARN 19604 --- [           main] JpaBaseConfiguration$JpaWebConfiguration : spring.jpa.open-in-view is enabled by default. Therefore, database queries may be performed during view rendering. Explicitly configure spring.jpa.open-in-view to disable this warning
2024-07-15T22:48:28.649+03:00  INFO 19604 --- [           main] o.s.b.t.m.w.SpringBootMockServletContext : Initializing Spring TestDispatcherServlet ''
2024-07-15T22:48:28.649+03:00  INFO 19604 --- [           main] o.s.t.web.servlet.TestDispatcherServlet  : Initializing Servlet ''
2024-07-15T22:48:28.649+03:00  INFO 19604 --- [           main] o.s.t.web.servlet.TestDispatcherServlet  : Completed initialization in 0 ms
2024-07-15T22:48:28.652+03:00  INFO 19604 --- [           main] c.a.p.c.AuthorControllerIntegrationTest  : Started AuthorControllerIntegrationTest in 0.298 seconds (process running for 8.127)
2024-07-15T22:48:28.669+03:00  INFO 19604 --- [           main] j.LocalContainerEntityManagerFactoryBean : Closing JPA EntityManagerFactory for persistence unit 'default'
2024-07-15T22:48:28.670+03:00  INFO 19604 --- [           main] com.zaxxer.hikari.HikariDataSource       : HikariPool-8 - Shutdown initiated...
2024-07-15T22:48:28.697+03:00  INFO 19604 --- [           main] com.zaxxer.hikari.HikariDataSource       : HikariPool-8 - Shutdown completed.
]]></system-out>
  </testcase>
  <testcase name="testThatListAuthorsReturnsHttpStatus200" classname="com.abdul.postdb.controllers.AuthorControllerIntegrationTest" time="0.049">
    <system-out><![CDATA[
  .   ____          _            __ _ _
 /\\ / ___'_ __ _ _(_)_ __  __ _ \ \ \ \
( ( )\___ | '_ | '_| | '_ \/ _` | \ \ \ \
 \\/  ___)| |_)| | | | | || (_| |  ) ) ) )
  '  |____| .__|_| |_|_| |_\__, | / / / /
 =========|_|==============|___/=/_/_/_/

 :: Spring Boot ::                (v3.3.1)

2024-07-15T22:48:28.714+03:00  INFO 19604 --- [           main] c.a.p.c.AuthorControllerIntegrationTest  : Starting AuthorControllerIntegrationTest using Java 22.0.1 with PID 19604 (started by abdul in C:\Users\abdul\Desktop\Springboot_Course\backup_postdb)
2024-07-15T22:48:28.714+03:00  INFO 19604 --- [           main] c.a.p.c.AuthorControllerIntegrationTest  : No active profile set, falling back to 1 default profile: "default"
2024-07-15T22:48:28.810+03:00  INFO 19604 --- [           main] .s.d.r.c.RepositoryConfigurationDelegate : Bootstrapping Spring Data JPA repositories in DEFAULT mode.
2024-07-15T22:48:28.821+03:00  INFO 19604 --- [           main] .s.d.r.c.RepositoryConfigurationDelegate : Finished Spring Data repository scanning in 10 ms. Found 2 JPA repository interfaces.
2024-07-15T22:48:28.855+03:00  INFO 19604 --- [           main] o.hibernate.jpa.internal.util.LogHelper  : HHH000204: Processing PersistenceUnitInfo [name: default]
2024-07-15T22:48:28.858+03:00  INFO 19604 --- [           main] o.h.c.internal.RegionFactoryInitiator    : HHH000026: Second-level cache disabled
2024-07-15T22:48:28.864+03:00  INFO 19604 --- [           main] o.s.o.j.p.SpringPersistenceUnitInfo      : No LoadTimeWeaver setup: ignoring JPA class transformer
2024-07-15T22:48:28.865+03:00  INFO 19604 --- [           main] com.zaxxer.hikari.HikariDataSource       : HikariPool-9 - Starting...
2024-07-15T22:48:28.866+03:00  INFO 19604 --- [           main] com.zaxxer.hikari.pool.HikariPool        : HikariPool-9 - Added connection conn41: url=jdbc:h2:mem:testdb user=SA
2024-07-15T22:48:28.866+03:00  INFO 19604 --- [           main] com.zaxxer.hikari.HikariDataSource       : HikariPool-9 - Start completed.
2024-07-15T22:48:28.897+03:00  INFO 19604 --- [           main] o.h.e.t.j.p.i.JtaPlatformInitiator       : HHH000489: No JTA platform available (set 'hibernate.transaction.jta.platform' to enable JTA platform integration)
2024-07-15T22:48:28.900+03:00  INFO 19604 --- [           main] j.LocalContainerEntityManagerFactoryBean : Initialized JPA EntityManagerFactory for persistence unit 'default'
2024-07-15T22:48:28.929+03:00  WARN 19604 --- [           main] JpaBaseConfiguration$JpaWebConfiguration : spring.jpa.open-in-view is enabled by default. Therefore, database queries may be performed during view rendering. Explicitly configure spring.jpa.open-in-view to disable this warning
2024-07-15T22:48:28.975+03:00  INFO 19604 --- [           main] o.s.b.t.m.w.SpringBootMockServletContext : Initializing Spring TestDispatcherServlet ''
2024-07-15T22:48:28.976+03:00  INFO 19604 --- [           main] o.s.t.web.servlet.TestDispatcherServlet  : Initializing Servlet ''
2024-07-15T22:48:28.976+03:00  INFO 19604 --- [           main] o.s.t.web.servlet.TestDispatcherServlet  : Completed initialization in 0 ms
2024-07-15T22:48:28.979+03:00  INFO 19604 --- [           main] c.a.p.c.AuthorControllerIntegrationTest  : Started AuthorControllerIntegrationTest in 0.28 seconds (process running for 8.454)
2024-07-15T22:48:29.002+03:00  INFO 19604 --- [           main] j.LocalContainerEntityManagerFactoryBean : Closing JPA EntityManagerFactory for persistence unit 'default'
2024-07-15T22:48:29.003+03:00  INFO 19604 --- [           main] com.zaxxer.hikari.HikariDataSource       : HikariPool-9 - Shutdown initiated...
2024-07-15T22:48:29.030+03:00  INFO 19604 --- [           main] com.zaxxer.hikari.HikariDataSource       : HikariPool-9 - Shutdown completed.
]]></system-out>
  </testcase>
  <testcase name="testThatListAuthorsReturnsListOfAuthors" classname="com.abdul.postdb.controllers.AuthorControllerIntegrationTest" time="0.018">
    <system-out><![CDATA[
  .   ____          _            __ _ _
 /\\ / ___'_ __ _ _(_)_ __  __ _ \ \ \ \
( ( )\___ | '_ | '_| | '_ \/ _` | \ \ \ \
 \\/  ___)| |_)| | | | | || (_| |  ) ) ) )
  '  |____| .__|_| |_|_| |_\__, | / / / /
 =========|_|==============|___/=/_/_/_/

 :: Spring Boot ::                (v3.3.1)

2024-07-15T22:48:29.046+03:00  INFO 19604 --- [           main] c.a.p.c.AuthorControllerIntegrationTest  : Starting AuthorControllerIntegrationTest using Java 22.0.1 with PID 19604 (started by abdul in C:\Users\abdul\Desktop\Springboot_Course\backup_postdb)
2024-07-15T22:48:29.046+03:00  INFO 19604 --- [           main] c.a.p.c.AuthorControllerIntegrationTest  : No active profile set, falling back to 1 default profile: "default"
2024-07-15T22:48:29.165+03:00  INFO 19604 --- [           main] .s.d.r.c.RepositoryConfigurationDelegate : Bootstrapping Spring Data JPA repositories in DEFAULT mode.
2024-07-15T22:48:29.176+03:00  INFO 19604 --- [           main] .s.d.r.c.RepositoryConfigurationDelegate : Finished Spring Data repository scanning in 10 ms. Found 2 JPA repository interfaces.
2024-07-15T22:48:29.211+03:00  INFO 19604 --- [           main] o.hibernate.jpa.internal.util.LogHelper  : HHH000204: Processing PersistenceUnitInfo [name: default]
2024-07-15T22:48:29.213+03:00  INFO 19604 --- [           main] o.h.c.internal.RegionFactoryInitiator    : HHH000026: Second-level cache disabled
2024-07-15T22:48:29.220+03:00  INFO 19604 --- [           main] o.s.o.j.p.SpringPersistenceUnitInfo      : No LoadTimeWeaver setup: ignoring JPA class transformer
2024-07-15T22:48:29.221+03:00  INFO 19604 --- [           main] com.zaxxer.hikari.HikariDataSource       : HikariPool-10 - Starting...
2024-07-15T22:48:29.222+03:00  INFO 19604 --- [           main] com.zaxxer.hikari.pool.HikariPool        : HikariPool-10 - Added connection conn44: url=jdbc:h2:mem:testdb user=SA
2024-07-15T22:48:29.222+03:00  INFO 19604 --- [           main] com.zaxxer.hikari.HikariDataSource       : HikariPool-10 - Start completed.
2024-07-15T22:48:29.252+03:00  INFO 19604 --- [           main] o.h.e.t.j.p.i.JtaPlatformInitiator       : HHH000489: No JTA platform available (set 'hibernate.transaction.jta.platform' to enable JTA platform integration)
2024-07-15T22:48:29.256+03:00  INFO 19604 --- [           main] j.LocalContainerEntityManagerFactoryBean : Initialized JPA EntityManagerFactory for persistence unit 'default'
2024-07-15T22:48:29.284+03:00  WARN 19604 --- [           main] JpaBaseConfiguration$JpaWebConfiguration : spring.jpa.open-in-view is enabled by default. Therefore, database queries may be performed during view rendering. Explicitly configure spring.jpa.open-in-view to disable this warning
2024-07-15T22:48:29.330+03:00  INFO 19604 --- [           main] o.s.b.t.m.w.SpringBootMockServletContext : Initializing Spring TestDispatcherServlet ''
2024-07-15T22:48:29.331+03:00  INFO 19604 --- [           main] o.s.t.web.servlet.TestDispatcherServlet  : Initializing Servlet ''
2024-07-15T22:48:29.331+03:00  INFO 19604 --- [           main] o.s.t.web.servlet.TestDispatcherServlet  : Completed initialization in 0 ms
2024-07-15T22:48:29.334+03:00  INFO 19604 --- [           main] c.a.p.c.AuthorControllerIntegrationTest  : Started AuthorControllerIntegrationTest in 0.302 seconds (process running for 8.809)
2024-07-15T22:48:29.353+03:00  INFO 19604 --- [           main] j.LocalContainerEntityManagerFactoryBean : Closing JPA EntityManagerFactory for persistence unit 'default'
2024-07-15T22:48:29.353+03:00  INFO 19604 --- [           main] com.zaxxer.hikari.HikariDataSource       : HikariPool-10 - Shutdown initiated...
2024-07-15T22:48:29.354+03:00  INFO 19604 --- [           main] com.zaxxer.hikari.HikariDataSource       : HikariPool-10 - Shutdown completed.
]]></system-out>
  </testcase>
  <testcase name="testThatDeleteAuthorAlwaysReturnsHttpStatus204" classname="com.abdul.postdb.controllers.AuthorControllerIntegrationTest" time="0.021">
    <system-out><![CDATA[
  .   ____          _            __ _ _
 /\\ / ___'_ __ _ _(_)_ __  __ _ \ \ \ \
( ( )\___ | '_ | '_| | '_ \/ _` | \ \ \ \
 \\/  ___)| |_)| | | | | || (_| |  ) ) ) )
  '  |____| .__|_| |_|_| |_\__, | / / / /
 =========|_|==============|___/=/_/_/_/

 :: Spring Boot ::                (v3.3.1)

2024-07-15T22:48:29.371+03:00  INFO 19604 --- [           main] c.a.p.c.AuthorControllerIntegrationTest  : Starting AuthorControllerIntegrationTest using Java 22.0.1 with PID 19604 (started by abdul in C:\Users\abdul\Desktop\Springboot_Course\backup_postdb)
2024-07-15T22:48:29.371+03:00  INFO 19604 --- [           main] c.a.p.c.AuthorControllerIntegrationTest  : No active profile set, falling back to 1 default profile: "default"
2024-07-15T22:48:29.462+03:00  INFO 19604 --- [           main] .s.d.r.c.RepositoryConfigurationDelegate : Bootstrapping Spring Data JPA repositories in DEFAULT mode.
2024-07-15T22:48:29.470+03:00  INFO 19604 --- [           main] .s.d.r.c.RepositoryConfigurationDelegate : Finished Spring Data repository scanning in 8 ms. Found 2 JPA repository interfaces.
2024-07-15T22:48:29.502+03:00  INFO 19604 --- [           main] o.hibernate.jpa.internal.util.LogHelper  : HHH000204: Processing PersistenceUnitInfo [name: default]
2024-07-15T22:48:29.505+03:00  INFO 19604 --- [           main] o.h.c.internal.RegionFactoryInitiator    : HHH000026: Second-level cache disabled
2024-07-15T22:48:29.512+03:00  INFO 19604 --- [           main] o.s.o.j.p.SpringPersistenceUnitInfo      : No LoadTimeWeaver setup: ignoring JPA class transformer
2024-07-15T22:48:29.513+03:00  INFO 19604 --- [           main] com.zaxxer.hikari.HikariDataSource       : HikariPool-11 - Starting...
2024-07-15T22:48:29.513+03:00  INFO 19604 --- [           main] com.zaxxer.hikari.pool.HikariPool        : HikariPool-11 - Added connection conn46: url=jdbc:h2:mem:testdb user=SA
2024-07-15T22:48:29.514+03:00  INFO 19604 --- [           main] com.zaxxer.hikari.HikariDataSource       : HikariPool-11 - Start completed.
2024-07-15T22:48:29.549+03:00  INFO 19604 --- [           main] o.h.e.t.j.p.i.JtaPlatformInitiator       : HHH000489: No JTA platform available (set 'hibernate.transaction.jta.platform' to enable JTA platform integration)
2024-07-15T22:48:29.552+03:00  INFO 19604 --- [           main] j.LocalContainerEntityManagerFactoryBean : Initialized JPA EntityManagerFactory for persistence unit 'default'
2024-07-15T22:48:29.579+03:00  WARN 19604 --- [           main] JpaBaseConfiguration$JpaWebConfiguration : spring.jpa.open-in-view is enabled by default. Therefore, database queries may be performed during view rendering. Explicitly configure spring.jpa.open-in-view to disable this warning
2024-07-15T22:48:29.623+03:00  INFO 19604 --- [           main] o.s.b.t.m.w.SpringBootMockServletContext : Initializing Spring TestDispatcherServlet ''
2024-07-15T22:48:29.623+03:00  INFO 19604 --- [           main] o.s.t.web.servlet.TestDispatcherServlet  : Initializing Servlet ''
2024-07-15T22:48:29.623+03:00  INFO 19604 --- [           main] o.s.t.web.servlet.TestDispatcherServlet  : Completed initialization in 0 ms
2024-07-15T22:48:29.626+03:00  INFO 19604 --- [           main] c.a.p.c.AuthorControllerIntegrationTest  : Started AuthorControllerIntegrationTest in 0.27 seconds (process running for 9.101)
2024-07-15T22:48:29.643+03:00  INFO 19604 --- [           main] j.LocalContainerEntityManagerFactoryBean : Closing JPA EntityManagerFactory for persistence unit 'default'
2024-07-15T22:48:29.644+03:00  INFO 19604 --- [           main] com.zaxxer.hikari.HikariDataSource       : HikariPool-11 - Shutdown initiated...
2024-07-15T22:48:29.648+03:00  INFO 19604 --- [           main] com.zaxxer.hikari.HikariDataSource       : HikariPool-11 - Shutdown completed.
]]></system-out>
  </testcase>
  <testcase name="testThatFullUpdateAuthorReturnsHttpStatus404WhenAuthorDoeNotExists" classname="com.abdul.postdb.controllers.AuthorControllerIntegrationTest" time="0.026">
    <system-out><![CDATA[
  .   ____          _            __ _ _
 /\\ / ___'_ __ _ _(_)_ __  __ _ \ \ \ \
( ( )\___ | '_ | '_| | '_ \/ _` | \ \ \ \
 \\/  ___)| |_)| | | | | || (_| |  ) ) ) )
  '  |____| .__|_| |_|_| |_\__, | / / / /
 =========|_|==============|___/=/_/_/_/

 :: Spring Boot ::                (v3.3.1)

2024-07-15T22:48:29.662+03:00  INFO 19604 --- [           main] c.a.p.c.AuthorControllerIntegrationTest  : Starting AuthorControllerIntegrationTest using Java 22.0.1 with PID 19604 (started by abdul in C:\Users\abdul\Desktop\Springboot_Course\backup_postdb)
2024-07-15T22:48:29.662+03:00  INFO 19604 --- [           main] c.a.p.c.AuthorControllerIntegrationTest  : No active profile set, falling back to 1 default profile: "default"
2024-07-15T22:48:29.753+03:00  INFO 19604 --- [           main] .s.d.r.c.RepositoryConfigurationDelegate : Bootstrapping Spring Data JPA repositories in DEFAULT mode.
2024-07-15T22:48:29.762+03:00  INFO 19604 --- [           main] .s.d.r.c.RepositoryConfigurationDelegate : Finished Spring Data repository scanning in 9 ms. Found 2 JPA repository interfaces.
2024-07-15T22:48:29.793+03:00  INFO 19604 --- [           main] o.hibernate.jpa.internal.util.LogHelper  : HHH000204: Processing PersistenceUnitInfo [name: default]
2024-07-15T22:48:29.796+03:00  INFO 19604 --- [           main] o.h.c.internal.RegionFactoryInitiator    : HHH000026: Second-level cache disabled
2024-07-15T22:48:29.802+03:00  INFO 19604 --- [           main] o.s.o.j.p.SpringPersistenceUnitInfo      : No LoadTimeWeaver setup: ignoring JPA class transformer
2024-07-15T22:48:29.803+03:00  INFO 19604 --- [           main] com.zaxxer.hikari.HikariDataSource       : HikariPool-12 - Starting...
2024-07-15T22:48:29.803+03:00  INFO 19604 --- [           main] com.zaxxer.hikari.pool.HikariPool        : HikariPool-12 - Added connection conn48: url=jdbc:h2:mem:testdb user=SA
2024-07-15T22:48:29.803+03:00  INFO 19604 --- [           main] com.zaxxer.hikari.HikariDataSource       : HikariPool-12 - Start completed.
2024-07-15T22:48:29.832+03:00  INFO 19604 --- [           main] o.h.e.t.j.p.i.JtaPlatformInitiator       : HHH000489: No JTA platform available (set 'hibernate.transaction.jta.platform' to enable JTA platform integration)
2024-07-15T22:48:29.835+03:00  INFO 19604 --- [           main] j.LocalContainerEntityManagerFactoryBean : Initialized JPA EntityManagerFactory for persistence unit 'default'
2024-07-15T22:48:29.861+03:00  WARN 19604 --- [           main] JpaBaseConfiguration$JpaWebConfiguration : spring.jpa.open-in-view is enabled by default. Therefore, database queries may be performed during view rendering. Explicitly configure spring.jpa.open-in-view to disable this warning
2024-07-15T22:48:29.911+03:00  INFO 19604 --- [           main] o.s.b.t.m.w.SpringBootMockServletContext : Initializing Spring TestDispatcherServlet ''
2024-07-15T22:48:29.911+03:00  INFO 19604 --- [           main] o.s.t.web.servlet.TestDispatcherServlet  : Initializing Servlet ''
2024-07-15T22:48:29.911+03:00  INFO 19604 --- [           main] o.s.t.web.servlet.TestDispatcherServlet  : Completed initialization in 0 ms
2024-07-15T22:48:29.914+03:00  INFO 19604 --- [           main] c.a.p.c.AuthorControllerIntegrationTest  : Started AuthorControllerIntegrationTest in 0.265 seconds (process running for 9.388)
2024-07-15T22:48:29.927+03:00  INFO 19604 --- [           main] j.LocalContainerEntityManagerFactoryBean : Closing JPA EntityManagerFactory for persistence unit 'default'
2024-07-15T22:48:29.927+03:00  INFO 19604 --- [           main] com.zaxxer.hikari.HikariDataSource       : HikariPool-12 - Shutdown initiated...
2024-07-15T22:48:29.942+03:00  INFO 19604 --- [           main] com.zaxxer.hikari.HikariDataSource       : HikariPool-12 - Shutdown completed.
]]></system-out>
  </testcase>
  <testcase name="testThatDeleteAuthorDeletesTheAuthor" classname="com.abdul.postdb.controllers.AuthorControllerIntegrationTest" time="0.063">
    <system-out><![CDATA[
  .   ____          _            __ _ _
 /\\ / ___'_ __ _ _(_)_ __  __ _ \ \ \ \
( ( )\___ | '_ | '_| | '_ \/ _` | \ \ \ \
 \\/  ___)| |_)| | | | | || (_| |  ) ) ) )
  '  |____| .__|_| |_|_| |_\__, | / / / /
 =========|_|==============|___/=/_/_/_/

 :: Spring Boot ::                (v3.3.1)

2024-07-15T22:48:29.956+03:00  INFO 19604 --- [           main] c.a.p.c.AuthorControllerIntegrationTest  : Starting AuthorControllerIntegrationTest using Java 22.0.1 with PID 19604 (started by abdul in C:\Users\abdul\Desktop\Springboot_Course\backup_postdb)
2024-07-15T22:48:29.956+03:00  INFO 19604 --- [           main] c.a.p.c.AuthorControllerIntegrationTest  : No active profile set, falling back to 1 default profile: "default"
2024-07-15T22:48:30.044+03:00  INFO 19604 --- [           main] .s.d.r.c.RepositoryConfigurationDelegate : Bootstrapping Spring Data JPA repositories in DEFAULT mode.
2024-07-15T22:48:30.055+03:00  INFO 19604 --- [           main] .s.d.r.c.RepositoryConfigurationDelegate : Finished Spring Data repository scanning in 11 ms. Found 2 JPA repository interfaces.
2024-07-15T22:48:30.090+03:00  INFO 19604 --- [           main] o.hibernate.jpa.internal.util.LogHelper  : HHH000204: Processing PersistenceUnitInfo [name: default]
2024-07-15T22:48:30.093+03:00  INFO 19604 --- [           main] o.h.c.internal.RegionFactoryInitiator    : HHH000026: Second-level cache disabled
2024-07-15T22:48:30.101+03:00  INFO 19604 --- [           main] o.s.o.j.p.SpringPersistenceUnitInfo      : No LoadTimeWeaver setup: ignoring JPA class transformer
2024-07-15T22:48:30.102+03:00  INFO 19604 --- [           main] com.zaxxer.hikari.HikariDataSource       : HikariPool-13 - Starting...
2024-07-15T22:48:30.102+03:00  INFO 19604 --- [           main] com.zaxxer.hikari.pool.HikariPool        : HikariPool-13 - Added connection conn50: url=jdbc:h2:mem:testdb user=SA
2024-07-15T22:48:30.103+03:00  INFO 19604 --- [           main] com.zaxxer.hikari.HikariDataSource       : HikariPool-13 - Start completed.
2024-07-15T22:48:30.132+03:00  INFO 19604 --- [           main] o.h.e.t.j.p.i.JtaPlatformInitiator       : HHH000489: No JTA platform available (set 'hibernate.transaction.jta.platform' to enable JTA platform integration)
2024-07-15T22:48:30.136+03:00  INFO 19604 --- [           main] j.LocalContainerEntityManagerFactoryBean : Initialized JPA EntityManagerFactory for persistence unit 'default'
2024-07-15T22:48:30.160+03:00  WARN 19604 --- [           main] JpaBaseConfiguration$JpaWebConfiguration : spring.jpa.open-in-view is enabled by default. Therefore, database queries may be performed during view rendering. Explicitly configure spring.jpa.open-in-view to disable this warning
2024-07-15T22:48:30.199+03:00  INFO 19604 --- [           main] o.s.b.t.m.w.SpringBootMockServletContext : Initializing Spring TestDispatcherServlet ''
2024-07-15T22:48:30.200+03:00  INFO 19604 --- [           main] o.s.t.web.servlet.TestDispatcherServlet  : Initializing Servlet ''
2024-07-15T22:48:30.200+03:00  INFO 19604 --- [           main] o.s.t.web.servlet.TestDispatcherServlet  : Completed initialization in 0 ms
2024-07-15T22:48:30.203+03:00  INFO 19604 --- [           main] c.a.p.c.AuthorControllerIntegrationTest  : Started AuthorControllerIntegrationTest in 0.259 seconds (process running for 9.678)
2024-07-15T22:48:30.255+03:00  INFO 19604 --- [           main] j.LocalContainerEntityManagerFactoryBean : Closing JPA EntityManagerFactory for persistence unit 'default'
2024-07-15T22:48:30.256+03:00  INFO 19604 --- [           main] com.zaxxer.hikari.HikariDataSource       : HikariPool-13 - Shutdown initiated...
2024-07-15T22:48:30.267+03:00  INFO 19604 --- [           main] com.zaxxer.hikari.HikariDataSource       : HikariPool-13 - Shutdown completed.
]]></system-out>
  </testcase>
  <testcase name="testThatPartialUpdateReturnsHttpStatus200WhenAuthorExists" classname="com.abdul.postdb.controllers.AuthorControllerIntegrationTest" time="0.023">
    <system-out><![CDATA[
  .   ____          _            __ _ _
 /\\ / ___'_ __ _ _(_)_ __  __ _ \ \ \ \
( ( )\___ | '_ | '_| | '_ \/ _` | \ \ \ \
 \\/  ___)| |_)| | | | | || (_| |  ) ) ) )
  '  |____| .__|_| |_|_| |_\__, | / / / /
 =========|_|==============|___/=/_/_/_/

 :: Spring Boot ::                (v3.3.1)

2024-07-15T22:48:30.281+03:00  INFO 19604 --- [           main] c.a.p.c.AuthorControllerIntegrationTest  : Starting AuthorControllerIntegrationTest using Java 22.0.1 with PID 19604 (started by abdul in C:\Users\abdul\Desktop\Springboot_Course\backup_postdb)
2024-07-15T22:48:30.282+03:00  INFO 19604 --- [           main] c.a.p.c.AuthorControllerIntegrationTest  : No active profile set, falling back to 1 default profile: "default"
2024-07-15T22:48:30.361+03:00  INFO 19604 --- [           main] .s.d.r.c.RepositoryConfigurationDelegate : Bootstrapping Spring Data JPA repositories in DEFAULT mode.
2024-07-15T22:48:30.372+03:00  INFO 19604 --- [           main] .s.d.r.c.RepositoryConfigurationDelegate : Finished Spring Data repository scanning in 10 ms. Found 2 JPA repository interfaces.
2024-07-15T22:48:30.411+03:00  INFO 19604 --- [           main] o.hibernate.jpa.internal.util.LogHelper  : HHH000204: Processing PersistenceUnitInfo [name: default]
2024-07-15T22:48:30.413+03:00  INFO 19604 --- [           main] o.h.c.internal.RegionFactoryInitiator    : HHH000026: Second-level cache disabled
2024-07-15T22:48:30.422+03:00  INFO 19604 --- [           main] o.s.o.j.p.SpringPersistenceUnitInfo      : No LoadTimeWeaver setup: ignoring JPA class transformer
2024-07-15T22:48:30.423+03:00  INFO 19604 --- [           main] com.zaxxer.hikari.HikariDataSource       : HikariPool-14 - Starting...
2024-07-15T22:48:30.424+03:00  INFO 19604 --- [           main] com.zaxxer.hikari.pool.HikariPool        : HikariPool-14 - Added connection conn53: url=jdbc:h2:mem:testdb user=SA
2024-07-15T22:48:30.424+03:00  INFO 19604 --- [           main] com.zaxxer.hikari.HikariDataSource       : HikariPool-14 - Start completed.
2024-07-15T22:48:30.461+03:00  INFO 19604 --- [           main] o.h.e.t.j.p.i.JtaPlatformInitiator       : HHH000489: No JTA platform available (set 'hibernate.transaction.jta.platform' to enable JTA platform integration)
2024-07-15T22:48:30.465+03:00  INFO 19604 --- [           main] j.LocalContainerEntityManagerFactoryBean : Initialized JPA EntityManagerFactory for persistence unit 'default'
2024-07-15T22:48:30.493+03:00  WARN 19604 --- [           main] JpaBaseConfiguration$JpaWebConfiguration : spring.jpa.open-in-view is enabled by default. Therefore, database queries may be performed during view rendering. Explicitly configure spring.jpa.open-in-view to disable this warning
2024-07-15T22:48:30.530+03:00  INFO 19604 --- [           main] o.s.b.t.m.w.SpringBootMockServletContext : Initializing Spring TestDispatcherServlet ''
2024-07-15T22:48:30.530+03:00  INFO 19604 --- [           main] o.s.t.web.servlet.TestDispatcherServlet  : Initializing Servlet ''
2024-07-15T22:48:30.530+03:00  INFO 19604 --- [           main] o.s.t.web.servlet.TestDispatcherServlet  : Completed initialization in 0 ms
2024-07-15T22:48:30.533+03:00  INFO 19604 --- [           main] c.a.p.c.AuthorControllerIntegrationTest  : Started AuthorControllerIntegrationTest in 0.264 seconds (process running for 10.008)
2024-07-15T22:48:30.546+03:00  INFO 19604 --- [           main] j.LocalContainerEntityManagerFactoryBean : Closing JPA EntityManagerFactory for persistence unit 'default'
2024-07-15T22:48:30.546+03:00  INFO 19604 --- [           main] com.zaxxer.hikari.HikariDataSource       : HikariPool-14 - Shutdown initiated...
2024-07-15T22:48:30.557+03:00  INFO 19604 --- [           main] com.zaxxer.hikari.HikariDataSource       : HikariPool-14 - Shutdown completed.
]]></system-out>
  </testcase>
  <testcase name="testThatCreateAuthorSuccessfullyReturnsSavedAuthor" classname="com.abdul.postdb.controllers.AuthorControllerIntegrationTest" time="0.021">
    <system-out><![CDATA[
  .   ____          _            __ _ _
 /\\ / ___'_ __ _ _(_)_ __  __ _ \ \ \ \
( ( )\___ | '_ | '_| | '_ \/ _` | \ \ \ \
 \\/  ___)| |_)| | | | | || (_| |  ) ) ) )
  '  |____| .__|_| |_|_| |_\__, | / / / /
 =========|_|==============|___/=/_/_/_/

 :: Spring Boot ::                (v3.3.1)

2024-07-15T22:48:30.571+03:00  INFO 19604 --- [           main] c.a.p.c.AuthorControllerIntegrationTest  : Starting AuthorControllerIntegrationTest using Java 22.0.1 with PID 19604 (started by abdul in C:\Users\abdul\Desktop\Springboot_Course\backup_postdb)
2024-07-15T22:48:30.571+03:00  INFO 19604 --- [           main] c.a.p.c.AuthorControllerIntegrationTest  : No active profile set, falling back to 1 default profile: "default"
2024-07-15T22:48:30.654+03:00  INFO 19604 --- [           main] .s.d.r.c.RepositoryConfigurationDelegate : Bootstrapping Spring Data JPA repositories in DEFAULT mode.
2024-07-15T22:48:30.663+03:00  INFO 19604 --- [           main] .s.d.r.c.RepositoryConfigurationDelegate : Finished Spring Data repository scanning in 8 ms. Found 2 JPA repository interfaces.
2024-07-15T22:48:30.697+03:00  INFO 19604 --- [           main] o.hibernate.jpa.internal.util.LogHelper  : HHH000204: Processing PersistenceUnitInfo [name: default]
2024-07-15T22:48:30.699+03:00  INFO 19604 --- [           main] o.h.c.internal.RegionFactoryInitiator    : HHH000026: Second-level cache disabled
2024-07-15T22:48:30.705+03:00  INFO 19604 --- [           main] o.s.o.j.p.SpringPersistenceUnitInfo      : No LoadTimeWeaver setup: ignoring JPA class transformer
2024-07-15T22:48:30.706+03:00  INFO 19604 --- [           main] com.zaxxer.hikari.HikariDataSource       : HikariPool-15 - Starting...
2024-07-15T22:48:30.707+03:00  INFO 19604 --- [           main] com.zaxxer.hikari.pool.HikariPool        : HikariPool-15 - Added connection conn55: url=jdbc:h2:mem:testdb user=SA
2024-07-15T22:48:30.707+03:00  INFO 19604 --- [           main] com.zaxxer.hikari.HikariDataSource       : HikariPool-15 - Start completed.
2024-07-15T22:48:30.736+03:00  INFO 19604 --- [           main] o.h.e.t.j.p.i.JtaPlatformInitiator       : HHH000489: No JTA platform available (set 'hibernate.transaction.jta.platform' to enable JTA platform integration)
2024-07-15T22:48:30.739+03:00  INFO 19604 --- [           main] j.LocalContainerEntityManagerFactoryBean : Initialized JPA EntityManagerFactory for persistence unit 'default'
2024-07-15T22:48:30.770+03:00  WARN 19604 --- [           main] JpaBaseConfiguration$JpaWebConfiguration : spring.jpa.open-in-view is enabled by default. Therefore, database queries may be performed during view rendering. Explicitly configure spring.jpa.open-in-view to disable this warning
2024-07-15T22:48:30.814+03:00  INFO 19604 --- [           main] o.s.b.t.m.w.SpringBootMockServletContext : Initializing Spring TestDispatcherServlet ''
2024-07-15T22:48:30.814+03:00  INFO 19604 --- [           main] o.s.t.web.servlet.TestDispatcherServlet  : Initializing Servlet ''
2024-07-15T22:48:30.815+03:00  INFO 19604 --- [           main] o.s.t.web.servlet.TestDispatcherServlet  : Completed initialization in 1 ms
2024-07-15T22:48:30.818+03:00  INFO 19604 --- [           main] c.a.p.c.AuthorControllerIntegrationTest  : Started AuthorControllerIntegrationTest in 0.259 seconds (process running for 10.292)
2024-07-15T22:48:30.828+03:00  INFO 19604 --- [           main] j.LocalContainerEntityManagerFactoryBean : Closing JPA EntityManagerFactory for persistence unit 'default'
2024-07-15T22:48:30.829+03:00  INFO 19604 --- [           main] com.zaxxer.hikari.HikariDataSource       : HikariPool-15 - Shutdown initiated...
2024-07-15T22:48:30.840+03:00  INFO 19604 --- [           main] com.zaxxer.hikari.HikariDataSource       : HikariPool-15 - Shutdown completed.
]]></system-out>
  </testcase>
</testsuite>