<?xml version="1.0" encoding="UTF-8"?>
<testsuite xmlns:xsi="http://www.w3.org/2001/XMLSchema-instance" xsi:noNamespaceSchemaLocation="https://maven.apache.org/surefire/maven-surefire-plugin/xsd/surefire-test-report-3.0.xsd" version="3.0" name="com.abdul.postdb.controllers.BookControllerIntegrationTest" time="3.112" tests="12" errors="0" skipped="0" failures="0">
  <properties>
[...]
</properties>
  <testcase name="testThatDeleteBookAlwaysReturnsHttpStatus204" classname="com.abdul.postdb.controllers.BookControllerIntegrationTest" time="0.032">
    <system-out><![CDATA[2024-07-15T22:48:30.844+03:00  INFO 19604 --- [           main] t.c.s.AnnotationConfigContextLoaderUtils : Could not detect default configuration classes for test class [com.abdul.postdb.controllers.BookControllerIntegrationTest]: BookControllerIntegrationTest does not declare any static, non-private, non-final, nested classes annotated with @Configuration.
2024-07-15T22:48:30.847+03:00  INFO 19604 --- [           main] .b.t.c.SpringBootTestContextBootstrapper : Found @SpringBootConfiguration com.abdul.postdb.BooksApiApplication for test class com.abdul.postdb.controllers.BookControllerIntegrationTest

  .   ____          _            __ _ _
 /\\ / ___'_ __ _ _(_)_ __  __ _ \ \ \ \
( ( )\___ | '_ | '_| | '_ \/ _` | \ \ \ \
 \\/  ___)| |_)| | | | | || (_| |  ) ) ) )
  '  |____| .__|_| |_|_| |_\__, | / / / /
 =========|_|==============|___/=/_/_/_/

 :: Spring Boot ::                (v3.3.1)

2024-07-15T22:48:30.868+03:00  INFO 19604 --- [           main] c.a.p.c.BookControllerIntegrationTest    : Starting BookControllerIntegrationTest using Java 22.0.1 with PID 19604 (started by abdul in C:\Users\abdul\Desktop\Springboot_Course\backup_postdb)
2024-07-15T22:48:30.868+03:00  INFO 19604 --- [           main] c.a.p.c.BookControllerIntegrationTest    : No active profile set, falling back to 1 default profile: "default"
2024-07-15T22:48:30.964+03:00  INFO 19604 --- [           main] .s.d.r.c.RepositoryConfigurationDelegate : Bootstrapping Spring Data JPA repositories in DEFAULT mode.
2024-07-15T22:48:30.974+03:00  INFO 19604 --- [           main] .s.d.r.c.RepositoryConfigurationDelegate : Finished Spring Data repository scanning in 9 ms. Found 2 JPA repository interfaces.
2024-07-15T22:48:31.003+03:00  INFO 19604 --- [           main] o.hibernate.jpa.internal.util.LogHelper  : HHH000204: Processing PersistenceUnitInfo [name: default]
2024-07-15T22:48:31.006+03:00  INFO 19604 --- [           main] o.h.c.internal.RegionFactoryInitiator    : HHH000026: Second-level cache disabled
2024-07-15T22:48:31.012+03:00  INFO 19604 --- [           main] o.s.o.j.p.SpringPersistenceUnitInfo      : No LoadTimeWeaver setup: ignoring JPA class transformer
2024-07-15T22:48:31.013+03:00  INFO 19604 --- [           main] com.zaxxer.hikari.HikariDataSource       : HikariPool-16 - Starting...
2024-07-15T22:48:31.014+03:00  INFO 19604 --- [           main] com.zaxxer.hikari.pool.HikariPool        : HikariPool-16 - Added connection conn57: url=jdbc:h2:mem:testdb user=SA
2024-07-15T22:48:31.014+03:00  INFO 19604 --- [           main] com.zaxxer.hikari.HikariDataSource       : HikariPool-16 - Start completed.
2024-07-15T22:48:31.041+03:00  INFO 19604 --- [           main] o.h.e.t.j.p.i.JtaPlatformInitiator       : HHH000489: No JTA platform available (set 'hibernate.transaction.jta.platform' to enable JTA platform integration)
2024-07-15T22:48:31.044+03:00  INFO 19604 --- [           main] j.LocalContainerEntityManagerFactoryBean : Initialized JPA EntityManagerFactory for persistence unit 'default'
2024-07-15T22:48:31.067+03:00  WARN 19604 --- [           main] JpaBaseConfiguration$JpaWebConfiguration : spring.jpa.open-in-view is enabled by default. Therefore, database queries may be performed during view rendering. Explicitly configure spring.jpa.open-in-view to disable this warning
2024-07-15T22:48:31.108+03:00  INFO 19604 --- [           main] o.s.b.t.m.w.SpringBootMockServletContext : Initializing Spring TestDispatcherServlet ''
2024-07-15T22:48:31.108+03:00  INFO 19604 --- [           main] o.s.t.web.servlet.TestDispatcherServlet  : Initializing Servlet ''
2024-07-15T22:48:31.108+03:00  INFO 19604 --- [           main] o.s.t.web.servlet.TestDispatcherServlet  : Completed initialization in 0 ms
2024-07-15T22:48:31.112+03:00  INFO 19604 --- [           main] c.a.p.c.BookControllerIntegrationTest    : Started BookControllerIntegrationTest in 0.262 seconds (process running for 10.586)
2024-07-15T22:48:31.136+03:00  INFO 19604 --- [           main] j.LocalContainerEntityManagerFactoryBean : Closing JPA EntityManagerFactory for persistence unit 'default'
2024-07-15T22:48:31.136+03:00  INFO 19604 --- [           main] com.zaxxer.hikari.HikariDataSource       : HikariPool-16 - Shutdown initiated...
2024-07-15T22:48:31.145+03:00  INFO 19604 --- [           main] com.zaxxer.hikari.HikariDataSource       : HikariPool-16 - Shutdown completed.
]]></system-out>
  </testcase>
  <testcase name="testThatFullUpdateBookUpdatesTheBook" classname="com.abdul.postdb.controllers.BookControllerIntegrationTest" time="0.032">
    <system-out><![CDATA[
  .   ____          _            __ _ _
 /\\ / ___'_ __ _ _(_)_ __  __ _ \ \ \ \
( ( )\___ | '_ | '_| | '_ \/ _` | \ \ \ \
 \\/  ___)| |_)| | | | | || (_| |  ) ) ) )
  '  |____| .__|_| |_|_| |_\__, | / / / /
 =========|_|==============|___/=/_/_/_/

 :: Spring Boot ::                (v3.3.1)

2024-07-15T22:48:31.158+03:00  INFO 19604 --- [           main] c.a.p.c.BookControllerIntegrationTest    : Starting BookControllerIntegrationTest using Java 22.0.1 with PID 19604 (started by abdul in C:\Users\abdul\Desktop\Springboot_Course\backup_postdb)
2024-07-15T22:48:31.158+03:00  INFO 19604 --- [           main] c.a.p.c.BookControllerIntegrationTest    : No active profile set, falling back to 1 default profile: "default"
2024-07-15T22:48:31.240+03:00  INFO 19604 --- [           main] .s.d.r.c.RepositoryConfigurationDelegate : Bootstrapping Spring Data JPA repositories in DEFAULT mode.
2024-07-15T22:48:31.251+03:00  INFO 19604 --- [           main] .s.d.r.c.RepositoryConfigurationDelegate : Finished Spring Data repository scanning in 11 ms. Found 2 JPA repository interfaces.
2024-07-15T22:48:31.280+03:00  INFO 19604 --- [           main] o.hibernate.jpa.internal.util.LogHelper  : HHH000204: Processing PersistenceUnitInfo [name: default]
2024-07-15T22:48:31.282+03:00  INFO 19604 --- [           main] o.h.c.internal.RegionFactoryInitiator    : HHH000026: Second-level cache disabled
2024-07-15T22:48:31.288+03:00  INFO 19604 --- [           main] o.s.o.j.p.SpringPersistenceUnitInfo      : No LoadTimeWeaver setup: ignoring JPA class transformer
2024-07-15T22:48:31.289+03:00  INFO 19604 --- [           main] com.zaxxer.hikari.HikariDataSource       : HikariPool-17 - Starting...
2024-07-15T22:48:31.289+03:00  INFO 19604 --- [           main] com.zaxxer.hikari.pool.HikariPool        : HikariPool-17 - Added connection conn59: url=jdbc:h2:mem:testdb user=SA
2024-07-15T22:48:31.289+03:00  INFO 19604 --- [           main] com.zaxxer.hikari.HikariDataSource       : HikariPool-17 - Start completed.
2024-07-15T22:48:31.315+03:00  INFO 19604 --- [           main] o.h.e.t.j.p.i.JtaPlatformInitiator       : HHH000489: No JTA platform available (set 'hibernate.transaction.jta.platform' to enable JTA platform integration)
2024-07-15T22:48:31.319+03:00  INFO 19604 --- [           main] j.LocalContainerEntityManagerFactoryBean : Initialized JPA EntityManagerFactory for persistence unit 'default'
2024-07-15T22:48:31.347+03:00  WARN 19604 --- [           main] JpaBaseConfiguration$JpaWebConfiguration : spring.jpa.open-in-view is enabled by default. Therefore, database queries may be performed during view rendering. Explicitly configure spring.jpa.open-in-view to disable this warning
2024-07-15T22:48:31.386+03:00  INFO 19604 --- [           main] o.s.b.t.m.w.SpringBootMockServletContext : Initializing Spring TestDispatcherServlet ''
2024-07-15T22:48:31.387+03:00  INFO 19604 --- [           main] o.s.t.web.servlet.TestDispatcherServlet  : Initializing Servlet ''
2024-07-15T22:48:31.387+03:00  INFO 19604 --- [           main] o.s.t.web.servlet.TestDispatcherServlet  : Completed initialization in 0 ms
2024-07-15T22:48:31.389+03:00  INFO 19604 --- [           main] c.a.p.c.BookControllerIntegrationTest    : Started BookControllerIntegrationTest in 0.242 seconds (process running for 10.864)
2024-07-15T22:48:31.411+03:00  INFO 19604 --- [           main] j.LocalContainerEntityManagerFactoryBean : Closing JPA EntityManagerFactory for persistence unit 'default'
2024-07-15T22:48:31.411+03:00  INFO 19604 --- [           main] com.zaxxer.hikari.HikariDataSource       : HikariPool-17 - Shutdown initiated...
2024-07-15T22:48:31.422+03:00  INFO 19604 --- [           main] com.zaxxer.hikari.HikariDataSource       : HikariPool-17 - Shutdown completed.
]]></system-out>
  </testcase>
  <testcase name="testThatCreatingBookSuccessfullyReturnsHttp201Created" classname="com.abdul.postdb.controllers.BookControllerIntegrationTest" time="0.044">
    <system-out><![CDATA[
  .   ____          _            __ _ _
 /\\ / ___'_ __ _ _(_)_ __  __ _ \ \ \ \
( ( )\___ | '_ | '_| | '_ \/ _` | \ \ \ \
 \\/  ___)| |_)| | | | | || (_| |  ) ) ) )
  '  |____| .__|_| |_|_| |_\__, | / / / /
 =========|_|==============|___/=/_/_/_/

 :: Spring Boot ::                (v3.3.1)

2024-07-15T22:48:31.437+03:00  INFO 19604 --- [           main] c.a.p.c.BookControllerIntegrationTest    : Starting BookControllerIntegrationTest using Java 22.0.1 with PID 19604 (started by abdul in C:\Users\abdul\Desktop\Springboot_Course\backup_postdb)
2024-07-15T22:48:31.437+03:00  INFO 19604 --- [           main] c.a.p.c.BookControllerIntegrationTest    : No active profile set, falling back to 1 default profile: "default"
2024-07-15T22:48:31.517+03:00  INFO 19604 --- [           main] .s.d.r.c.RepositoryConfigurationDelegate : Bootstrapping Spring Data JPA repositories in DEFAULT mode.
2024-07-15T22:48:31.527+03:00  INFO 19604 --- [           main] .s.d.r.c.RepositoryConfigurationDelegate : Finished Spring Data repository scanning in 9 ms. Found 2 JPA repository interfaces.
2024-07-15T22:48:31.554+03:00  INFO 19604 --- [           main] o.hibernate.jpa.internal.util.LogHelper  : HHH000204: Processing PersistenceUnitInfo [name: default]
2024-07-15T22:48:31.556+03:00  INFO 19604 --- [           main] o.h.c.internal.RegionFactoryInitiator    : HHH000026: Second-level cache disabled
2024-07-15T22:48:31.562+03:00  INFO 19604 --- [           main] o.s.o.j.p.SpringPersistenceUnitInfo      : No LoadTimeWeaver setup: ignoring JPA class transformer
2024-07-15T22:48:31.562+03:00  INFO 19604 --- [           main] com.zaxxer.hikari.HikariDataSource       : HikariPool-18 - Starting...
2024-07-15T22:48:31.563+03:00  INFO 19604 --- [           main] com.zaxxer.hikari.pool.HikariPool        : HikariPool-18 - Added connection conn61: url=jdbc:h2:mem:testdb user=SA
2024-07-15T22:48:31.563+03:00  INFO 19604 --- [           main] com.zaxxer.hikari.HikariDataSource       : HikariPool-18 - Start completed.
2024-07-15T22:48:31.587+03:00  INFO 19604 --- [           main] o.h.e.t.j.p.i.JtaPlatformInitiator       : HHH000489: No JTA platform available (set 'hibernate.transaction.jta.platform' to enable JTA platform integration)
2024-07-15T22:48:31.590+03:00  INFO 19604 --- [           main] j.LocalContainerEntityManagerFactoryBean : Initialized JPA EntityManagerFactory for persistence unit 'default'
2024-07-15T22:48:31.612+03:00  WARN 19604 --- [           main] JpaBaseConfiguration$JpaWebConfiguration : spring.jpa.open-in-view is enabled by default. Therefore, database queries may be performed during view rendering. Explicitly configure spring.jpa.open-in-view to disable this warning
2024-07-15T22:48:31.648+03:00  INFO 19604 --- [           main] o.s.b.t.m.w.SpringBootMockServletContext : Initializing Spring TestDispatcherServlet ''
2024-07-15T22:48:31.648+03:00  INFO 19604 --- [           main] o.s.t.web.servlet.TestDispatcherServlet  : Initializing Servlet ''
2024-07-15T22:48:31.649+03:00  INFO 19604 --- [           main] o.s.t.web.servlet.TestDispatcherServlet  : Completed initialization in 1 ms
2024-07-15T22:48:31.652+03:00  INFO 19604 --- [           main] c.a.p.c.BookControllerIntegrationTest    : Started BookControllerIntegrationTest in 0.228 seconds (process running for 11.126)
2024-07-15T22:48:31.666+03:00  INFO 19604 --- [           main] j.LocalContainerEntityManagerFactoryBean : Closing JPA EntityManagerFactory for persistence unit 'default'
2024-07-15T22:48:31.666+03:00  INFO 19604 --- [           main] com.zaxxer.hikari.HikariDataSource       : HikariPool-18 - Shutdown initiated...
2024-07-15T22:48:31.696+03:00  INFO 19604 --- [           main] com.zaxxer.hikari.HikariDataSource       : HikariPool-18 - Shutdown completed.
]]></system-out>
  </testcase>
  <testcase name="testThatPartialUpdateUpdatesTheBook" classname="com.abdul.postdb.controllers.BookControllerIntegrationTest" time="0.038">
    <system-out><![CDATA[
  .   ____          _            __ _ _
 /\\ / ___'_ __ _ _(_)_ __  __ _ \ \ \ \
( ( )\___ | '_ | '_| | '_ \/ _` | \ \ \ \
 \\/  ___)| |_)| | | | | || (_| |  ) ) ) )
  '  |____| .__|_| |_|_| |_\__, | / / / /
 =========|_|==============|___/=/_/_/_/

 :: Spring Boot ::                (v3.3.1)

2024-07-15T22:48:31.716+03:00  INFO 19604 --- [           main] c.a.p.c.BookControllerIntegrationTest    : Starting BookControllerIntegrationTest using Java 22.0.1 with PID 19604 (started by abdul in C:\Users\abdul\Desktop\Springboot_Course\backup_postdb)
2024-07-15T22:48:31.716+03:00  INFO 19604 --- [           main] c.a.p.c.BookControllerIntegrationTest    : No active profile set, falling back to 1 default profile: "default"
2024-07-15T22:48:31.789+03:00  INFO 19604 --- [           main] .s.d.r.c.RepositoryConfigurationDelegate : Bootstrapping Spring Data JPA repositories in DEFAULT mode.
2024-07-15T22:48:31.798+03:00  INFO 19604 --- [           main] .s.d.r.c.RepositoryConfigurationDelegate : Finished Spring Data repository scanning in 8 ms. Found 2 JPA repository interfaces.
2024-07-15T22:48:31.833+03:00  INFO 19604 --- [           main] o.hibernate.jpa.internal.util.LogHelper  : HHH000204: Processing PersistenceUnitInfo [name: default]
2024-07-15T22:48:31.835+03:00  INFO 19604 --- [           main] o.h.c.internal.RegionFactoryInitiator    : HHH000026: Second-level cache disabled
2024-07-15T22:48:31.841+03:00  INFO 19604 --- [           main] o.s.o.j.p.SpringPersistenceUnitInfo      : No LoadTimeWeaver setup: ignoring JPA class transformer
2024-07-15T22:48:31.842+03:00  INFO 19604 --- [           main] com.zaxxer.hikari.HikariDataSource       : HikariPool-19 - Starting...
2024-07-15T22:48:31.843+03:00  INFO 19604 --- [           main] com.zaxxer.hikari.pool.HikariPool        : HikariPool-19 - Added connection conn63: url=jdbc:h2:mem:testdb user=SA
2024-07-15T22:48:31.843+03:00  INFO 19604 --- [           main] com.zaxxer.hikari.HikariDataSource       : HikariPool-19 - Start completed.
2024-07-15T22:48:31.869+03:00  INFO 19604 --- [           main] o.h.e.t.j.p.i.JtaPlatformInitiator       : HHH000489: No JTA platform available (set 'hibernate.transaction.jta.platform' to enable JTA platform integration)
2024-07-15T22:48:31.872+03:00  INFO 19604 --- [           main] j.LocalContainerEntityManagerFactoryBean : Initialized JPA EntityManagerFactory for persistence unit 'default'
2024-07-15T22:48:31.896+03:00  WARN 19604 --- [           main] JpaBaseConfiguration$JpaWebConfiguration : spring.jpa.open-in-view is enabled by default. Therefore, database queries may be performed during view rendering. Explicitly configure spring.jpa.open-in-view to disable this warning
2024-07-15T22:48:31.933+03:00  INFO 19604 --- [           main] o.s.b.t.m.w.SpringBootMockServletContext : Initializing Spring TestDispatcherServlet ''
2024-07-15T22:48:31.933+03:00  INFO 19604 --- [           main] o.s.t.web.servlet.TestDispatcherServlet  : Initializing Servlet ''
2024-07-15T22:48:31.933+03:00  INFO 19604 --- [           main] o.s.t.web.servlet.TestDispatcherServlet  : Completed initialization in 0 ms
2024-07-15T22:48:31.936+03:00  INFO 19604 --- [           main] c.a.p.c.BookControllerIntegrationTest    : Started BookControllerIntegrationTest in 0.236 seconds (process running for 11.411)
2024-07-15T22:48:31.953+03:00  INFO 19604 --- [           main] j.LocalContainerEntityManagerFactoryBean : Closing JPA EntityManagerFactory for persistence unit 'default'
2024-07-15T22:48:31.953+03:00  INFO 19604 --- [           main] com.zaxxer.hikari.HikariDataSource       : HikariPool-19 - Shutdown initiated...
2024-07-15T22:48:31.975+03:00  INFO 19604 --- [           main] com.zaxxer.hikari.HikariDataSource       : HikariPool-19 - Shutdown completed.
]]></system-out>
  </testcase>
  <testcase name="testThatPartialUpdateReturnsHttpStatus200WhenBookExists" classname="com.abdul.postdb.controllers.BookControllerIntegrationTest" time="0.044">
    <system-out><![CDATA[
  .   ____          _            __ _ _
 /\\ / ___'_ __ _ _(_)_ __  __ _ \ \ \ \
( ( )\___ | '_ | '_| | '_ \/ _` | \ \ \ \
 \\/  ___)| |_)| | | | | || (_| |  ) ) ) )
  '  |____| .__|_| |_|_| |_\__, | / / / /
 =========|_|==============|___/=/_/_/_/

 :: Spring Boot ::                (v3.3.1)

2024-07-15T22:48:31.988+03:00  INFO 19604 --- [           main] c.a.p.c.BookControllerIntegrationTest    : Starting BookControllerIntegrationTest using Java 22.0.1 with PID 19604 (started by abdul in C:\Users\abdul\Desktop\Springboot_Course\backup_postdb)
2024-07-15T22:48:31.988+03:00  INFO 19604 --- [           main] c.a.p.c.BookControllerIntegrationTest    : No active profile set, falling back to 1 default profile: "default"
2024-07-15T22:48:32.063+03:00  INFO 19604 --- [           main] .s.d.r.c.RepositoryConfigurationDelegate : Bootstrapping Spring Data JPA repositories in DEFAULT mode.
2024-07-15T22:48:32.072+03:00  INFO 19604 --- [           main] .s.d.r.c.RepositoryConfigurationDelegate : Finished Spring Data repository scanning in 8 ms. Found 2 JPA repository interfaces.
2024-07-15T22:48:32.101+03:00  INFO 19604 --- [           main] o.hibernate.jpa.internal.util.LogHelper  : HHH000204: Processing PersistenceUnitInfo [name: default]
2024-07-15T22:48:32.103+03:00  INFO 19604 --- [           main] o.h.c.internal.RegionFactoryInitiator    : HHH000026: Second-level cache disabled
2024-07-15T22:48:32.109+03:00  INFO 19604 --- [           main] o.s.o.j.p.SpringPersistenceUnitInfo      : No LoadTimeWeaver setup: ignoring JPA class transformer
2024-07-15T22:48:32.109+03:00  INFO 19604 --- [           main] com.zaxxer.hikari.HikariDataSource       : HikariPool-20 - Starting...
2024-07-15T22:48:32.110+03:00  INFO 19604 --- [           main] com.zaxxer.hikari.pool.HikariPool        : HikariPool-20 - Added connection conn65: url=jdbc:h2:mem:testdb user=SA
2024-07-15T22:48:32.110+03:00  INFO 19604 --- [           main] com.zaxxer.hikari.HikariDataSource       : HikariPool-20 - Start completed.
2024-07-15T22:48:32.135+03:00  INFO 19604 --- [           main] o.h.e.t.j.p.i.JtaPlatformInitiator       : HHH000489: No JTA platform available (set 'hibernate.transaction.jta.platform' to enable JTA platform integration)
2024-07-15T22:48:32.138+03:00  INFO 19604 --- [           main] j.LocalContainerEntityManagerFactoryBean : Initialized JPA EntityManagerFactory for persistence unit 'default'
2024-07-15T22:48:32.160+03:00  WARN 19604 --- [           main] JpaBaseConfiguration$JpaWebConfiguration : spring.jpa.open-in-view is enabled by default. Therefore, database queries may be performed during view rendering. Explicitly configure spring.jpa.open-in-view to disable this warning
2024-07-15T22:48:32.194+03:00  INFO 19604 --- [           main] o.s.b.t.m.w.SpringBootMockServletContext : Initializing Spring TestDispatcherServlet ''
2024-07-15T22:48:32.194+03:00  INFO 19604 --- [           main] o.s.t.web.servlet.TestDispatcherServlet  : Initializing Servlet ''
2024-07-15T22:48:32.195+03:00  INFO 19604 --- [           main] o.s.t.web.servlet.TestDispatcherServlet  : Completed initialization in 1 ms
2024-07-15T22:48:32.197+03:00  INFO 19604 --- [           main] c.a.p.c.BookControllerIntegrationTest    : Started BookControllerIntegrationTest in 0.22 seconds (process running for 11.672)
2024-07-15T22:48:32.211+03:00  INFO 19604 --- [           main] j.LocalContainerEntityManagerFactoryBean : Closing JPA EntityManagerFactory for persistence unit 'default'
2024-07-15T22:48:32.212+03:00  INFO 19604 --- [           main] com.zaxxer.hikari.HikariDataSource       : HikariPool-20 - Shutdown initiated...
2024-07-15T22:48:32.242+03:00  INFO 19604 --- [           main] com.zaxxer.hikari.HikariDataSource       : HikariPool-20 - Shutdown completed.
]]></system-out>
  </testcase>
  <testcase name="testThatCreatingBookSuccessfullyReturnsSavedBook" classname="com.abdul.postdb.controllers.BookControllerIntegrationTest" time="0.039">
    <system-out><![CDATA[
  .   ____          _            __ _ _
 /\\ / ___'_ __ _ _(_)_ __  __ _ \ \ \ \
( ( )\___ | '_ | '_| | '_ \/ _` | \ \ \ \
 \\/  ___)| |_)| | | | | || (_| |  ) ) ) )
  '  |____| .__|_| |_|_| |_\__, | / / / /
 =========|_|==============|___/=/_/_/_/

 :: Spring Boot ::                (v3.3.1)

2024-07-15T22:48:32.255+03:00  INFO 19604 --- [           main] c.a.p.c.BookControllerIntegrationTest    : Starting BookControllerIntegrationTest using Java 22.0.1 with PID 19604 (started by abdul in C:\Users\abdul\Desktop\Springboot_Course\backup_postdb)
2024-07-15T22:48:32.255+03:00  INFO 19604 --- [           main] c.a.p.c.BookControllerIntegrationTest    : No active profile set, falling back to 1 default profile: "default"
2024-07-15T22:48:32.334+03:00  INFO 19604 --- [           main] .s.d.r.c.RepositoryConfigurationDelegate : Bootstrapping Spring Data JPA repositories in DEFAULT mode.
2024-07-15T22:48:32.343+03:00  INFO 19604 --- [           main] .s.d.r.c.RepositoryConfigurationDelegate : Finished Spring Data repository scanning in 9 ms. Found 2 JPA repository interfaces.
2024-07-15T22:48:32.375+03:00  INFO 19604 --- [           main] o.hibernate.jpa.internal.util.LogHelper  : HHH000204: Processing PersistenceUnitInfo [name: default]
2024-07-15T22:48:32.377+03:00  INFO 19604 --- [           main] o.h.c.internal.RegionFactoryInitiator    : HHH000026: Second-level cache disabled
2024-07-15T22:48:32.384+03:00  INFO 19604 --- [           main] o.s.o.j.p.SpringPersistenceUnitInfo      : No LoadTimeWeaver setup: ignoring JPA class transformer
2024-07-15T22:48:32.384+03:00  INFO 19604 --- [           main] com.zaxxer.hikari.HikariDataSource       : HikariPool-21 - Starting...
2024-07-15T22:48:32.385+03:00  INFO 19604 --- [           main] com.zaxxer.hikari.pool.HikariPool        : HikariPool-21 - Added connection conn67: url=jdbc:h2:mem:testdb user=SA
2024-07-15T22:48:32.385+03:00  INFO 19604 --- [           main] com.zaxxer.hikari.HikariDataSource       : HikariPool-21 - Start completed.
2024-07-15T22:48:32.410+03:00  INFO 19604 --- [           main] o.h.e.t.j.p.i.JtaPlatformInitiator       : HHH000489: No JTA platform available (set 'hibernate.transaction.jta.platform' to enable JTA platform integration)
2024-07-15T22:48:32.413+03:00  INFO 19604 --- [           main] j.LocalContainerEntityManagerFactoryBean : Initialized JPA EntityManagerFactory for persistence unit 'default'
2024-07-15T22:48:32.438+03:00  WARN 19604 --- [           main] JpaBaseConfiguration$JpaWebConfiguration : spring.jpa.open-in-view is enabled by default. Therefore, database queries may be performed during view rendering. Explicitly configure spring.jpa.open-in-view to disable this warning
2024-07-15T22:48:32.475+03:00  INFO 19604 --- [           main] o.s.b.t.m.w.SpringBootMockServletContext : Initializing Spring TestDispatcherServlet ''
2024-07-15T22:48:32.476+03:00  INFO 19604 --- [           main] o.s.t.web.servlet.TestDispatcherServlet  : Initializing Servlet ''
2024-07-15T22:48:32.476+03:00  INFO 19604 --- [           main] o.s.t.web.servlet.TestDispatcherServlet  : Completed initialization in 0 ms
2024-07-15T22:48:32.479+03:00  INFO 19604 --- [           main] c.a.p.c.BookControllerIntegrationTest    : Started BookControllerIntegrationTest in 0.236 seconds (process running for 11.953)
2024-07-15T22:48:32.494+03:00  INFO 19604 --- [           main] j.LocalContainerEntityManagerFactoryBean : Closing JPA EntityManagerFactory for persistence unit 'default'
2024-07-15T22:48:32.494+03:00  INFO 19604 --- [           main] com.zaxxer.hikari.HikariDataSource       : HikariPool-21 - Shutdown initiated...
2024-07-15T22:48:32.520+03:00  INFO 19604 --- [           main] com.zaxxer.hikari.HikariDataSource       : HikariPool-21 - Shutdown completed.
]]></system-out>
  </testcase>
  <testcase name="testThatDeleteBookDeletesTheBook" classname="com.abdul.postdb.controllers.BookControllerIntegrationTest" time="0.011">
    <system-out><![CDATA[
  .   ____          _            __ _ _
 /\\ / ___'_ __ _ _(_)_ __  __ _ \ \ \ \
( ( )\___ | '_ | '_| | '_ \/ _` | \ \ \ \
 \\/  ___)| |_)| | | | | || (_| |  ) ) ) )
  '  |____| .__|_| |_|_| |_\__, | / / / /
 =========|_|==============|___/=/_/_/_/

 :: Spring Boot ::                (v3.3.1)

2024-07-15T22:48:32.535+03:00  INFO 19604 --- [           main] c.a.p.c.BookControllerIntegrationTest    : Starting BookControllerIntegrationTest using Java 22.0.1 with PID 19604 (started by abdul in C:\Users\abdul\Desktop\Springboot_Course\backup_postdb)
2024-07-15T22:48:32.535+03:00  INFO 19604 --- [           main] c.a.p.c.BookControllerIntegrationTest    : No active profile set, falling back to 1 default profile: "default"
2024-07-15T22:48:32.608+03:00  INFO 19604 --- [           main] .s.d.r.c.RepositoryConfigurationDelegate : Bootstrapping Spring Data JPA repositories in DEFAULT mode.
2024-07-15T22:48:32.618+03:00  INFO 19604 --- [           main] .s.d.r.c.RepositoryConfigurationDelegate : Finished Spring Data repository scanning in 10 ms. Found 2 JPA repository interfaces.
2024-07-15T22:48:32.647+03:00  INFO 19604 --- [           main] o.hibernate.jpa.internal.util.LogHelper  : HHH000204: Processing PersistenceUnitInfo [name: default]
2024-07-15T22:48:32.649+03:00  INFO 19604 --- [           main] o.h.c.internal.RegionFactoryInitiator    : HHH000026: Second-level cache disabled
2024-07-15T22:48:32.655+03:00  INFO 19604 --- [           main] o.s.o.j.p.SpringPersistenceUnitInfo      : No LoadTimeWeaver setup: ignoring JPA class transformer
2024-07-15T22:48:32.655+03:00  INFO 19604 --- [           main] com.zaxxer.hikari.HikariDataSource       : HikariPool-22 - Starting...
2024-07-15T22:48:32.656+03:00  INFO 19604 --- [           main] com.zaxxer.hikari.pool.HikariPool        : HikariPool-22 - Added connection conn69: url=jdbc:h2:mem:testdb user=SA
2024-07-15T22:48:32.656+03:00  INFO 19604 --- [           main] com.zaxxer.hikari.HikariDataSource       : HikariPool-22 - Start completed.
2024-07-15T22:48:32.683+03:00  INFO 19604 --- [           main] o.h.e.t.j.p.i.JtaPlatformInitiator       : HHH000489: No JTA platform available (set 'hibernate.transaction.jta.platform' to enable JTA platform integration)
2024-07-15T22:48:32.686+03:00  INFO 19604 --- [           main] j.LocalContainerEntityManagerFactoryBean : Initialized JPA EntityManagerFactory for persistence unit 'default'
2024-07-15T22:48:32.707+03:00  WARN 19604 --- [           main] JpaBaseConfiguration$JpaWebConfiguration : spring.jpa.open-in-view is enabled by default. Therefore, database queries may be performed during view rendering. Explicitly configure spring.jpa.open-in-view to disable this warning
2024-07-15T22:48:32.740+03:00  INFO 19604 --- [           main] o.s.b.t.m.w.SpringBootMockServletContext : Initializing Spring TestDispatcherServlet ''
2024-07-15T22:48:32.740+03:00  INFO 19604 --- [           main] o.s.t.web.servlet.TestDispatcherServlet  : Initializing Servlet ''
2024-07-15T22:48:32.741+03:00  INFO 19604 --- [           main] o.s.t.web.servlet.TestDispatcherServlet  : Completed initialization in 1 ms
2024-07-15T22:48:32.743+03:00  INFO 19604 --- [           main] c.a.p.c.BookControllerIntegrationTest    : Started BookControllerIntegrationTest in 0.221 seconds (process running for 12.218)
2024-07-15T22:48:32.754+03:00  INFO 19604 --- [           main] j.LocalContainerEntityManagerFactoryBean : Closing JPA EntityManagerFactory for persistence unit 'default'
2024-07-15T22:48:32.755+03:00  INFO 19604 --- [           main] com.zaxxer.hikari.HikariDataSource       : HikariPool-22 - Shutdown initiated...
2024-07-15T22:48:32.755+03:00  INFO 19604 --- [           main] com.zaxxer.hikari.HikariDataSource       : HikariPool-22 - Shutdown completed.
]]></system-out>
  </testcase>
  <testcase name="testThatGetBookReturnsTheBookWhenBookExists" classname="com.abdul.postdb.controllers.BookControllerIntegrationTest" time="0.01">
    <system-out><![CDATA[
  .   ____          _            __ _ _
 /\\ / ___'_ __ _ _(_)_ __  __ _ \ \ \ \
( ( )\___ | '_ | '_| | '_ \/ _` | \ \ \ \
 \\/  ___)| |_)| | | | | || (_| |  ) ) ) )
  '  |____| .__|_| |_|_| |_\__, | / / / /
 =========|_|==============|___/=/_/_/_/

 :: Spring Boot ::                (v3.3.1)

2024-07-15T22:48:32.768+03:00  INFO 19604 --- [           main] c.a.p.c.BookControllerIntegrationTest    : Starting BookControllerIntegrationTest using Java 22.0.1 with PID 19604 (started by abdul in C:\Users\abdul\Desktop\Springboot_Course\backup_postdb)
2024-07-15T22:48:32.768+03:00  INFO 19604 --- [           main] c.a.p.c.BookControllerIntegrationTest    : No active profile set, falling back to 1 default profile: "default"
2024-07-15T22:48:32.844+03:00  INFO 19604 --- [           main] .s.d.r.c.RepositoryConfigurationDelegate : Bootstrapping Spring Data JPA repositories in DEFAULT mode.
2024-07-15T22:48:32.853+03:00  INFO 19604 --- [           main] .s.d.r.c.RepositoryConfigurationDelegate : Finished Spring Data repository scanning in 8 ms. Found 2 JPA repository interfaces.
2024-07-15T22:48:32.879+03:00  INFO 19604 --- [           main] o.hibernate.jpa.internal.util.LogHelper  : HHH000204: Processing PersistenceUnitInfo [name: default]
2024-07-15T22:48:32.882+03:00  INFO 19604 --- [           main] o.h.c.internal.RegionFactoryInitiator    : HHH000026: Second-level cache disabled
2024-07-15T22:48:32.887+03:00  INFO 19604 --- [           main] o.s.o.j.p.SpringPersistenceUnitInfo      : No LoadTimeWeaver setup: ignoring JPA class transformer
2024-07-15T22:48:32.888+03:00  INFO 19604 --- [           main] com.zaxxer.hikari.HikariDataSource       : HikariPool-23 - Starting...
2024-07-15T22:48:32.888+03:00  INFO 19604 --- [           main] com.zaxxer.hikari.pool.HikariPool        : HikariPool-23 - Added connection conn70: url=jdbc:h2:mem:testdb user=SA
2024-07-15T22:48:32.888+03:00  INFO 19604 --- [           main] com.zaxxer.hikari.HikariDataSource       : HikariPool-23 - Start completed.
2024-07-15T22:48:32.909+03:00  INFO 19604 --- [           main] o.h.e.t.j.p.i.JtaPlatformInitiator       : HHH000489: No JTA platform available (set 'hibernate.transaction.jta.platform' to enable JTA platform integration)
2024-07-15T22:48:32.912+03:00  INFO 19604 --- [           main] j.LocalContainerEntityManagerFactoryBean : Initialized JPA EntityManagerFactory for persistence unit 'default'
2024-07-15T22:48:32.931+03:00  WARN 19604 --- [           main] JpaBaseConfiguration$JpaWebConfiguration : spring.jpa.open-in-view is enabled by default. Therefore, database queries may be performed during view rendering. Explicitly configure spring.jpa.open-in-view to disable this warning
2024-07-15T22:48:32.965+03:00  INFO 19604 --- [           main] o.s.b.t.m.w.SpringBootMockServletContext : Initializing Spring TestDispatcherServlet ''
2024-07-15T22:48:32.965+03:00  INFO 19604 --- [           main] o.s.t.web.servlet.TestDispatcherServlet  : Initializing Servlet ''
2024-07-15T22:48:32.965+03:00  INFO 19604 --- [           main] o.s.t.web.servlet.TestDispatcherServlet  : Completed initialization in 0 ms
2024-07-15T22:48:32.968+03:00  INFO 19604 --- [           main] c.a.p.c.BookControllerIntegrationTest    : Started BookControllerIntegrationTest in 0.212 seconds (process running for 12.442)
2024-07-15T22:48:32.978+03:00  INFO 19604 --- [           main] j.LocalContainerEntityManagerFactoryBean : Closing JPA EntityManagerFactory for persistence unit 'default'
2024-07-15T22:48:32.978+03:00  INFO 19604 --- [           main] com.zaxxer.hikari.HikariDataSource       : HikariPool-23 - Shutdown initiated...
2024-07-15T22:48:32.979+03:00  INFO 19604 --- [           main] com.zaxxer.hikari.HikariDataSource       : HikariPool-23 - Shutdown completed.
]]></system-out>
  </testcase>
  <testcase name="testThatListBooksReturnsHttpStatus200" classname="com.abdul.postdb.controllers.BookControllerIntegrationTest" time="0.048">
    <system-out><![CDATA[
  .   ____          _            __ _ _
 /\\ / ___'_ __ _ _(_)_ __  __ _ \ \ \ \
( ( )\___ | '_ | '_| | '_ \/ _` | \ \ \ \
 \\/  ___)| |_)| | | | | || (_| |  ) ) ) )
  '  |____| .__|_| |_|_| |_\__, | / / / /
 =========|_|==============|___/=/_/_/_/

 :: Spring Boot ::                (v3.3.1)

2024-07-15T22:48:32.991+03:00  INFO 19604 --- [           main] c.a.p.c.BookControllerIntegrationTest    : Starting BookControllerIntegrationTest using Java 22.0.1 with PID 19604 (started by abdul in C:\Users\abdul\Desktop\Springboot_Course\backup_postdb)
2024-07-15T22:48:32.991+03:00  INFO 19604 --- [           main] c.a.p.c.BookControllerIntegrationTest    : No active profile set, falling back to 1 default profile: "default"
2024-07-15T22:48:33.059+03:00  INFO 19604 --- [           main] .s.d.r.c.RepositoryConfigurationDelegate : Bootstrapping Spring Data JPA repositories in DEFAULT mode.
2024-07-15T22:48:33.067+03:00  INFO 19604 --- [           main] .s.d.r.c.RepositoryConfigurationDelegate : Finished Spring Data repository scanning in 7 ms. Found 2 JPA repository interfaces.
2024-07-15T22:48:33.091+03:00  INFO 19604 --- [           main] o.hibernate.jpa.internal.util.LogHelper  : HHH000204: Processing PersistenceUnitInfo [name: default]
2024-07-15T22:48:33.094+03:00  INFO 19604 --- [           main] o.h.c.internal.RegionFactoryInitiator    : HHH000026: Second-level cache disabled
2024-07-15T22:48:33.099+03:00  INFO 19604 --- [           main] o.s.o.j.p.SpringPersistenceUnitInfo      : No LoadTimeWeaver setup: ignoring JPA class transformer
2024-07-15T22:48:33.100+03:00  INFO 19604 --- [           main] com.zaxxer.hikari.HikariDataSource       : HikariPool-24 - Starting...
2024-07-15T22:48:33.100+03:00  INFO 19604 --- [           main] com.zaxxer.hikari.pool.HikariPool        : HikariPool-24 - Added connection conn71: url=jdbc:h2:mem:testdb user=SA
2024-07-15T22:48:33.100+03:00  INFO 19604 --- [           main] com.zaxxer.hikari.HikariDataSource       : HikariPool-24 - Start completed.
2024-07-15T22:48:33.123+03:00  INFO 19604 --- [           main] o.h.e.t.j.p.i.JtaPlatformInitiator       : HHH000489: No JTA platform available (set 'hibernate.transaction.jta.platform' to enable JTA platform integration)
2024-07-15T22:48:33.126+03:00  INFO 19604 --- [           main] j.LocalContainerEntityManagerFactoryBean : Initialized JPA EntityManagerFactory for persistence unit 'default'
2024-07-15T22:48:33.148+03:00  WARN 19604 --- [           main] JpaBaseConfiguration$JpaWebConfiguration : spring.jpa.open-in-view is enabled by default. Therefore, database queries may be performed during view rendering. Explicitly configure spring.jpa.open-in-view to disable this warning
2024-07-15T22:48:33.181+03:00  INFO 19604 --- [           main] o.s.b.t.m.w.SpringBootMockServletContext : Initializing Spring TestDispatcherServlet ''
2024-07-15T22:48:33.181+03:00  INFO 19604 --- [           main] o.s.t.web.servlet.TestDispatcherServlet  : Initializing Servlet ''
2024-07-15T22:48:33.181+03:00  INFO 19604 --- [           main] o.s.t.web.servlet.TestDispatcherServlet  : Completed initialization in 0 ms
2024-07-15T22:48:33.184+03:00  INFO 19604 --- [           main] c.a.p.c.BookControllerIntegrationTest    : Started BookControllerIntegrationTest in 0.204 seconds (process running for 12.659)
2024-07-15T22:48:33.211+03:00  WARN 19604 --- [           main] PageModule$PlainPageSerializationWarning : Serializing PageImpl instances as-is is not supported, meaning that there is no guarantee about the stability of the resulting JSON structure!
	For a stable JSON structure, please use Spring Data's PagedModel (globally via @EnableSpringDataWebSupport(pageSerializationMode = VIA_DTO))
	or Spring HATEOAS and Spring Data's PagedResourcesAssembler as documented in https://docs.spring.io/spring-data/commons/reference/repositories/core-extensions.html#core.web.pageables.

2024-07-15T22:48:33.222+03:00  INFO 19604 --- [           main] j.LocalContainerEntityManagerFactoryBean : Closing JPA EntityManagerFactory for persistence unit 'default'
2024-07-15T22:48:33.222+03:00  INFO 19604 --- [           main] com.zaxxer.hikari.HikariDataSource       : HikariPool-24 - Shutdown initiated...
2024-07-15T22:48:33.233+03:00  INFO 19604 --- [           main] com.zaxxer.hikari.HikariDataSource       : HikariPool-24 - Shutdown completed.
]]></system-out>
  </testcase>
  <testcase name="testThatGetBookReturnsHttpStatus200WhenBookExists" classname="com.abdul.postdb.controllers.BookControllerIntegrationTest" time="0.012">
    <system-out><![CDATA[
  .   ____          _            __ _ _
 /\\ / ___'_ __ _ _(_)_ __  __ _ \ \ \ \
( ( )\___ | '_ | '_| | '_ \/ _` | \ \ \ \
 \\/  ___)| |_)| | | | | || (_| |  ) ) ) )
  '  |____| .__|_| |_|_| |_\__, | / / / /
 =========|_|==============|___/=/_/_/_/

 :: Spring Boot ::                (v3.3.1)

2024-07-15T22:48:33.247+03:00  INFO 19604 --- [           main] c.a.p.c.BookControllerIntegrationTest    : Starting BookControllerIntegrationTest using Java 22.0.1 with PID 19604 (started by abdul in C:\Users\abdul\Desktop\Springboot_Course\backup_postdb)
2024-07-15T22:48:33.247+03:00  INFO 19604 --- [           main] c.a.p.c.BookControllerIntegrationTest    : No active profile set, falling back to 1 default profile: "default"
2024-07-15T22:48:33.320+03:00  INFO 19604 --- [           main] .s.d.r.c.RepositoryConfigurationDelegate : Bootstrapping Spring Data JPA repositories in DEFAULT mode.
2024-07-15T22:48:33.330+03:00  INFO 19604 --- [           main] .s.d.r.c.RepositoryConfigurationDelegate : Finished Spring Data repository scanning in 9 ms. Found 2 JPA repository interfaces.
2024-07-15T22:48:33.357+03:00  INFO 19604 --- [           main] o.hibernate.jpa.internal.util.LogHelper  : HHH000204: Processing PersistenceUnitInfo [name: default]
2024-07-15T22:48:33.359+03:00  INFO 19604 --- [           main] o.h.c.internal.RegionFactoryInitiator    : HHH000026: Second-level cache disabled
2024-07-15T22:48:33.365+03:00  INFO 19604 --- [           main] o.s.o.j.p.SpringPersistenceUnitInfo      : No LoadTimeWeaver setup: ignoring JPA class transformer
2024-07-15T22:48:33.365+03:00  INFO 19604 --- [           main] com.zaxxer.hikari.HikariDataSource       : HikariPool-25 - Starting...
2024-07-15T22:48:33.366+03:00  INFO 19604 --- [           main] com.zaxxer.hikari.pool.HikariPool        : HikariPool-25 - Added connection conn73: url=jdbc:h2:mem:testdb user=SA
2024-07-15T22:48:33.366+03:00  INFO 19604 --- [           main] com.zaxxer.hikari.HikariDataSource       : HikariPool-25 - Start completed.
2024-07-15T22:48:33.388+03:00  INFO 19604 --- [           main] o.h.e.t.j.p.i.JtaPlatformInitiator       : HHH000489: No JTA platform available (set 'hibernate.transaction.jta.platform' to enable JTA platform integration)
2024-07-15T22:48:33.390+03:00  INFO 19604 --- [           main] j.LocalContainerEntityManagerFactoryBean : Initialized JPA EntityManagerFactory for persistence unit 'default'
2024-07-15T22:48:33.411+03:00  WARN 19604 --- [           main] JpaBaseConfiguration$JpaWebConfiguration : spring.jpa.open-in-view is enabled by default. Therefore, database queries may be performed during view rendering. Explicitly configure spring.jpa.open-in-view to disable this warning
2024-07-15T22:48:33.449+03:00  INFO 19604 --- [           main] o.s.b.t.m.w.SpringBootMockServletContext : Initializing Spring TestDispatcherServlet ''
2024-07-15T22:48:33.449+03:00  INFO 19604 --- [           main] o.s.t.web.servlet.TestDispatcherServlet  : Initializing Servlet ''
2024-07-15T22:48:33.450+03:00  INFO 19604 --- [           main] o.s.t.web.servlet.TestDispatcherServlet  : Completed initialization in 1 ms
2024-07-15T22:48:33.452+03:00  INFO 19604 --- [           main] c.a.p.c.BookControllerIntegrationTest    : Started BookControllerIntegrationTest in 0.217 seconds (process running for 12.927)
2024-07-15T22:48:33.464+03:00  INFO 19604 --- [           main] j.LocalContainerEntityManagerFactoryBean : Closing JPA EntityManagerFactory for persistence unit 'default'
2024-07-15T22:48:33.465+03:00  INFO 19604 --- [           main] com.zaxxer.hikari.HikariDataSource       : HikariPool-25 - Shutdown initiated...
2024-07-15T22:48:33.466+03:00  INFO 19604 --- [           main] com.zaxxer.hikari.HikariDataSource       : HikariPool-25 - Shutdown completed.
]]></system-out>
  </testcase>
  <testcase name="testThatFullUpdateBookSuccessfullyReturnsHttp200" classname="com.abdul.postdb.controllers.BookControllerIntegrationTest" time="0.045">
    <system-out><![CDATA[
  .   ____          _            __ _ _
 /\\ / ___'_ __ _ _(_)_ __  __ _ \ \ \ \
( ( )\___ | '_ | '_| | '_ \/ _` | \ \ \ \
 \\/  ___)| |_)| | | | | || (_| |  ) ) ) )
  '  |____| .__|_| |_|_| |_\__, | / / / /
 =========|_|==============|___/=/_/_/_/

 :: Spring Boot ::                (v3.3.1)

2024-07-15T22:48:33.478+03:00  INFO 19604 --- [           main] c.a.p.c.BookControllerIntegrationTest    : Starting BookControllerIntegrationTest using Java 22.0.1 with PID 19604 (started by abdul in C:\Users\abdul\Desktop\Springboot_Course\backup_postdb)
2024-07-15T22:48:33.478+03:00  INFO 19604 --- [           main] c.a.p.c.BookControllerIntegrationTest    : No active profile set, falling back to 1 default profile: "default"
2024-07-15T22:48:33.553+03:00  INFO 19604 --- [           main] .s.d.r.c.RepositoryConfigurationDelegate : Bootstrapping Spring Data JPA repositories in DEFAULT mode.
2024-07-15T22:48:33.562+03:00  INFO 19604 --- [           main] .s.d.r.c.RepositoryConfigurationDelegate : Finished Spring Data repository scanning in 8 ms. Found 2 JPA repository interfaces.
2024-07-15T22:48:33.588+03:00  INFO 19604 --- [           main] o.hibernate.jpa.internal.util.LogHelper  : HHH000204: Processing PersistenceUnitInfo [name: default]
2024-07-15T22:48:33.590+03:00  INFO 19604 --- [           main] o.h.c.internal.RegionFactoryInitiator    : HHH000026: Second-level cache disabled
2024-07-15T22:48:33.596+03:00  INFO 19604 --- [           main] o.s.o.j.p.SpringPersistenceUnitInfo      : No LoadTimeWeaver setup: ignoring JPA class transformer
2024-07-15T22:48:33.597+03:00  INFO 19604 --- [           main] com.zaxxer.hikari.HikariDataSource       : HikariPool-26 - Starting...
2024-07-15T22:48:33.597+03:00  INFO 19604 --- [           main] com.zaxxer.hikari.pool.HikariPool        : HikariPool-26 - Added connection conn74: url=jdbc:h2:mem:testdb user=SA
2024-07-15T22:48:33.597+03:00  INFO 19604 --- [           main] com.zaxxer.hikari.HikariDataSource       : HikariPool-26 - Start completed.
2024-07-15T22:48:33.619+03:00  INFO 19604 --- [           main] o.h.e.t.j.p.i.JtaPlatformInitiator       : HHH000489: No JTA platform available (set 'hibernate.transaction.jta.platform' to enable JTA platform integration)
2024-07-15T22:48:33.622+03:00  INFO 19604 --- [           main] j.LocalContainerEntityManagerFactoryBean : Initialized JPA EntityManagerFactory for persistence unit 'default'
2024-07-15T22:48:33.646+03:00  WARN 19604 --- [           main] JpaBaseConfiguration$JpaWebConfiguration : spring.jpa.open-in-view is enabled by default. Therefore, database queries may be performed during view rendering. Explicitly configure spring.jpa.open-in-view to disable this warning
2024-07-15T22:48:33.679+03:00  INFO 19604 --- [           main] o.s.b.t.m.w.SpringBootMockServletContext : Initializing Spring TestDispatcherServlet ''
2024-07-15T22:48:33.679+03:00  INFO 19604 --- [           main] o.s.t.web.servlet.TestDispatcherServlet  : Initializing Servlet ''
2024-07-15T22:48:33.680+03:00  INFO 19604 --- [           main] o.s.t.web.servlet.TestDispatcherServlet  : Completed initialization in 1 ms
2024-07-15T22:48:33.683+03:00  INFO 19604 --- [           main] c.a.p.c.BookControllerIntegrationTest    : Started BookControllerIntegrationTest in 0.216 seconds (process running for 13.157)
2024-07-15T22:48:33.699+03:00  INFO 19604 --- [           main] j.LocalContainerEntityManagerFactoryBean : Closing JPA EntityManagerFactory for persistence unit 'default'
2024-07-15T22:48:33.700+03:00  INFO 19604 --- [           main] com.zaxxer.hikari.HikariDataSource       : HikariPool-26 - Shutdown initiated...
2024-07-15T22:48:33.729+03:00  INFO 19604 --- [           main] com.zaxxer.hikari.HikariDataSource       : HikariPool-26 - Shutdown completed.
]]></system-out>
  </testcase>
  <testcase name="testThatGetBookReturnsHttpStatus404WhenBookDoesNotExist" classname="com.abdul.postdb.controllers.BookControllerIntegrationTest" time="0.008">
    <system-out><![CDATA[
  .   ____          _            __ _ _
 /\\ / ___'_ __ _ _(_)_ __  __ _ \ \ \ \
( ( )\___ | '_ | '_| | '_ \/ _` | \ \ \ \
 \\/  ___)| |_)| | | | | || (_| |  ) ) ) )
  '  |____| .__|_| |_|_| |_\__, | / / / /
 =========|_|==============|___/=/_/_/_/

 :: Spring Boot ::                (v3.3.1)

2024-07-15T22:48:33.742+03:00  INFO 19604 --- [           main] c.a.p.c.BookControllerIntegrationTest    : Starting BookControllerIntegrationTest using Java 22.0.1 with PID 19604 (started by abdul in C:\Users\abdul\Desktop\Springboot_Course\backup_postdb)
2024-07-15T22:48:33.742+03:00  INFO 19604 --- [           main] c.a.p.c.BookControllerIntegrationTest    : No active profile set, falling back to 1 default profile: "default"
2024-07-15T22:48:33.817+03:00  INFO 19604 --- [           main] .s.d.r.c.RepositoryConfigurationDelegate : Bootstrapping Spring Data JPA repositories in DEFAULT mode.
2024-07-15T22:48:33.826+03:00  INFO 19604 --- [           main] .s.d.r.c.RepositoryConfigurationDelegate : Finished Spring Data repository scanning in 8 ms. Found 2 JPA repository interfaces.
2024-07-15T22:48:33.851+03:00  INFO 19604 --- [           main] o.hibernate.jpa.internal.util.LogHelper  : HHH000204: Processing PersistenceUnitInfo [name: default]
2024-07-15T22:48:33.854+03:00  INFO 19604 --- [           main] o.h.c.internal.RegionFactoryInitiator    : HHH000026: Second-level cache disabled
2024-07-15T22:48:33.859+03:00  INFO 19604 --- [           main] o.s.o.j.p.SpringPersistenceUnitInfo      : No LoadTimeWeaver setup: ignoring JPA class transformer
2024-07-15T22:48:33.859+03:00  INFO 19604 --- [           main] com.zaxxer.hikari.HikariDataSource       : HikariPool-27 - Starting...
2024-07-15T22:48:33.860+03:00  INFO 19604 --- [           main] com.zaxxer.hikari.pool.HikariPool        : HikariPool-27 - Added connection conn76: url=jdbc:h2:mem:testdb user=SA
2024-07-15T22:48:33.860+03:00  INFO 19604 --- [           main] com.zaxxer.hikari.HikariDataSource       : HikariPool-27 - Start completed.
2024-07-15T22:48:33.884+03:00  INFO 19604 --- [           main] o.h.e.t.j.p.i.JtaPlatformInitiator       : HHH000489: No JTA platform available (set 'hibernate.transaction.jta.platform' to enable JTA platform integration)
2024-07-15T22:48:33.887+03:00  INFO 19604 --- [           main] j.LocalContainerEntityManagerFactoryBean : Initialized JPA EntityManagerFactory for persistence unit 'default'
2024-07-15T22:48:33.908+03:00  WARN 19604 --- [           main] JpaBaseConfiguration$JpaWebConfiguration : spring.jpa.open-in-view is enabled by default. Therefore, database queries may be performed during view rendering. Explicitly configure spring.jpa.open-in-view to disable this warning
2024-07-15T22:48:33.940+03:00  INFO 19604 --- [           main] o.s.b.t.m.w.SpringBootMockServletContext : Initializing Spring TestDispatcherServlet ''
2024-07-15T22:48:33.940+03:00  INFO 19604 --- [           main] o.s.t.web.servlet.TestDispatcherServlet  : Initializing Servlet ''
2024-07-15T22:48:33.941+03:00  INFO 19604 --- [           main] o.s.t.web.servlet.TestDispatcherServlet  : Completed initialization in 1 ms
2024-07-15T22:48:33.943+03:00  INFO 19604 --- [           main] c.a.p.c.BookControllerIntegrationTest    : Started BookControllerIntegrationTest in 0.213 seconds (process running for 13.418)
2024-07-15T22:48:33.952+03:00  INFO 19604 --- [           main] j.LocalContainerEntityManagerFactoryBean : Closing JPA EntityManagerFactory for persistence unit 'default'
2024-07-15T22:48:33.952+03:00  INFO 19604 --- [           main] com.zaxxer.hikari.HikariDataSource       : HikariPool-27 - Shutdown initiated...
2024-07-15T22:48:33.953+03:00  INFO 19604 --- [           main] com.zaxxer.hikari.HikariDataSource       : HikariPool-27 - Shutdown completed.
]]></system-out>
  </testcase>
</testsuite>